#
# There is insufficient memory for the Java Runtime Environment to continue.
# Native memory allocation (mmap) failed to map 4294967296 bytes for committing reserved memory.
# Possible reasons:
#   The system is out of physical RAM or swap space
#   The process is running with CompressedOops enabled, and the Java Heap may be blocking the growth of the native heap
# Possible solutions:
#   Reduce memory load on the system
#   Increase physical memory or swap space
#   Check if swap backing store is full
#   Decrease Java heap size (-Xmx/-Xms)
#   Decrease number of Java threads
#   Decrease Java thread stack sizes (-Xss)
#   Set larger code cache with -XX:ReservedCodeCacheSize=
# This output file may be truncated or incomplete.
#
#  Out of Memory Error (os_linux.cpp:2798), pid=170890, tid=0x00007fa941ebe700
#
# JRE version:  (8.0_292-b10) (build )
# Java VM: OpenJDK 64-Bit Server VM (25.292-b10 mixed mode linux-amd64 compressed oops)
# Failed to write core dump. Core dumps have been disabled. To enable core dumping, try "ulimit -c unlimited" before starting Java again
#

---------------  T H R E A D  ---------------

Current thread (0x00007fa93c00a800):  JavaThread "Unknown thread" [_thread_in_vm, id=170893, stack(0x00007fa941dbf000,0x00007fa941ebf000)]

Stack: [0x00007fa941dbf000,0x00007fa941ebf000],  sp=0x00007fa941ebd5b0,  free space=1017k
Native frames: (J=compiled Java code, j=interpreted, Vv=VM code, C=native code)
V  [libjvm.so+0xb35bb3]
V  [libjvm.so+0x4ec1e1]
V  [libjvm.so+0x9803cf]
V  [libjvm.so+0x977a52]
V  [libjvm.so+0x9f3dcb]
V  [libjvm.so+0x9e557c]
V  [libjvm.so+0x2cb8aa]
V  [libjvm.so+0x9a600a]
V  [libjvm.so+0xaf84ba]
V  [libjvm.so+0xaf8749]
V  [libjvm.so+0x641594]
V  [libjvm.so+0xad8190]
V  [libjvm.so+0x727d03]  JNI_CreateJavaVM+0x63
C  [libjli.so+0x442a]
C  [libjli.so+0x8dc1]
C  [libpthread.so.0+0x9609]  start_thread+0xd9


---------------  P R O C E S S  ---------------

Java Threads: ( => current thread )

Other Threads:

=>0x00007fa93c00a800 (exited) JavaThread "Unknown thread" [_thread_in_vm, id=170893, stack(0x00007fa941dbf000,0x00007fa941ebf000)]

VM state:not at safepoint (not fully initialized)

VM Mutex/Monitor currently owned by a thread: None

heap address: 0x00000005c0000000, size: 8192 MB, Compressed Oops mode: Non-zero based:0x00000005bffff000, Oop shift amount: 3
Narrow klass base: 0x0000000000000000, Narrow klass shift: 0

GC Heap History (0 events):
No events

Deoptimization events (0 events):
No events

Classes redefined (0 events):
No events

Internal exceptions (0 events):
No events

Events (0 events):
No events


Dynamic libraries:
6c0000000-715580000 ---p 00000000 00:00 0 
715580000-795580000 rw-p 00000000 00:00 0 
795580000-7c0000000 ---p 00000000 00:00 0 
5624740b2000-5624740b3000 r--p 00000000 08:01 396866                     /usr/lib/jvm/java-8-openjdk-amd64/jre/bin/java
5624740b3000-5624740b4000 r-xp 00001000 08:01 396866                     /usr/lib/jvm/java-8-openjdk-amd64/jre/bin/java
5624740b4000-5624740b5000 r--p 00002000 08:01 396866                     /usr/lib/jvm/java-8-openjdk-amd64/jre/bin/java
5624740b5000-5624740b6000 r--p 00002000 08:01 396866                     /usr/lib/jvm/java-8-openjdk-amd64/jre/bin/java
5624740b6000-5624740b7000 rw-p 00003000 08:01 396866                     /usr/lib/jvm/java-8-openjdk-amd64/jre/bin/java
5624752f5000-562475316000 rw-p 00000000 00:00 0                          [heap]
7fa92d000000-7fa92d270000 rwxp 00000000 00:00 0 
7fa92d270000-7fa93c000000 ---p 00000000 00:00 0 
7fa93c000000-7fa93c031000 rw-p 00000000 00:00 0 
7fa93c031000-7fa940000000 ---p 00000000 00:00 0 
7fa940981000-7fa94142b000 ---p 00000000 00:00 0 
7fa94142b000-7fa94182c000 rw-p 00000000 00:00 0 
7fa94182c000-7fa941981000 ---p 00000000 00:00 0 
7fa941981000-7fa94198c000 rw-p 00000000 00:00 0 
7fa94198c000-7fa941d42000 ---p 00000000 00:00 0 
7fa941d42000-7fa941d45000 r--p 00000000 08:01 396912                     /usr/lib/jvm/java-8-openjdk-amd64/jre/lib/amd64/libzip.so
7fa941d45000-7fa941d4a000 r-xp 00003000 08:01 396912                     /usr/lib/jvm/java-8-openjdk-amd64/jre/lib/amd64/libzip.so
7fa941d4a000-7fa941d4c000 r--p 00008000 08:01 396912                     /usr/lib/jvm/java-8-openjdk-amd64/jre/lib/amd64/libzip.so
7fa941d4c000-7fa941d4d000 r--p 00009000 08:01 396912                     /usr/lib/jvm/java-8-openjdk-amd64/jre/lib/amd64/libzip.so
7fa941d4d000-7fa941d4e000 rw-p 0000a000 08:01 396912                     /usr/lib/jvm/java-8-openjdk-amd64/jre/lib/amd64/libzip.so
7fa941d4e000-7fa941d56000 rw-s 00000000 08:01 652806                     /tmp/hsperfdata_root/170890
7fa941d56000-7fa941d59000 r--p 00000000 08:01 40931                      /usr/lib/x86_64-linux-gnu/libnss_files-2.31.so
7fa941d59000-7fa941d60000 r-xp 00003000 08:01 40931                      /usr/lib/x86_64-linux-gnu/libnss_files-2.31.so
7fa941d60000-7fa941d62000 r--p 0000a000 08:01 40931                      /usr/lib/x86_64-linux-gnu/libnss_files-2.31.so
7fa941d62000-7fa941d63000 r--p 0000b000 08:01 40931                      /usr/lib/x86_64-linux-gnu/libnss_files-2.31.so
7fa941d63000-7fa941d64000 rw-p 0000c000 08:01 40931                      /usr/lib/x86_64-linux-gnu/libnss_files-2.31.so
7fa941d64000-7fa941d6a000 rw-p 00000000 00:00 0 
7fa941d71000-7fa941d7e000 r--p 00000000 08:01 396893                     /usr/lib/jvm/java-8-openjdk-amd64/jre/lib/amd64/libjava.so
7fa941d7e000-7fa941d96000 r-xp 0000d000 08:01 396893                     /usr/lib/jvm/java-8-openjdk-amd64/jre/lib/amd64/libjava.so
7fa941d96000-7fa941d9d000 r--p 00025000 08:01 396893                     /usr/lib/jvm/java-8-openjdk-amd64/jre/lib/amd64/libjava.so
7fa941d9d000-7fa941d9e000 r--p 0002b000 08:01 396893                     /usr/lib/jvm/java-8-openjdk-amd64/jre/lib/amd64/libjava.so
7fa941d9e000-7fa941da0000 rw-p 0002c000 08:01 396893                     /usr/lib/jvm/java-8-openjdk-amd64/jre/lib/amd64/libjava.so
7fa941da0000-7fa941da5000 r--p 00000000 08:01 396911                     /usr/lib/jvm/java-8-openjdk-amd64/jre/lib/amd64/libverify.so
7fa941da5000-7fa941dae000 r-xp 00005000 08:01 396911                     /usr/lib/jvm/java-8-openjdk-amd64/jre/lib/amd64/libverify.so
7fa941dae000-7fa941db0000 r--p 0000e000 08:01 396911                     /usr/lib/jvm/java-8-openjdk-amd64/jre/lib/amd64/libverify.so
7fa941db0000-7fa941db2000 r--p 0000f000 08:01 396911                     /usr/lib/jvm/java-8-openjdk-amd64/jre/lib/amd64/libverify.so
7fa941db2000-7fa941db3000 rw-p 00011000 08:01 396911                     /usr/lib/jvm/java-8-openjdk-amd64/jre/lib/amd64/libverify.so
7fa941db3000-7fa941db6000 r--p 00000000 08:01 40938                      /usr/lib/x86_64-linux-gnu/librt-2.31.so
7fa941db6000-7fa941dba000 r-xp 00003000 08:01 40938                      /usr/lib/x86_64-linux-gnu/librt-2.31.so
7fa941dba000-7fa941dbb000 r--p 00007000 08:01 40938                      /usr/lib/x86_64-linux-gnu/librt-2.31.so
7fa941dbb000-7fa941dbc000 ---p 00008000 08:01 40938                      /usr/lib/x86_64-linux-gnu/librt-2.31.so
7fa941dbc000-7fa941dbd000 r--p 00008000 08:01 40938                      /usr/lib/x86_64-linux-gnu/librt-2.31.so
7fa941dbd000-7fa941dbe000 rw-p 00009000 08:01 40938                      /usr/lib/x86_64-linux-gnu/librt-2.31.so
7fa941dbe000-7fa941dbf000 ---p 00000000 00:00 0 
7fa941dbf000-7fa941dc2000 ---p 00000000 00:00 0 
7fa941dc2000-7fa941ebf000 rw-p 00000000 00:00 0 
7fa941ebf000-7fa941ec2000 r--p 00000000 08:01 40919                      /usr/lib/x86_64-linux-gnu/libgcc_s.so.1
7fa941ec2000-7fa941ed4000 r-xp 00003000 08:01 40919                      /usr/lib/x86_64-linux-gnu/libgcc_s.so.1
7fa941ed4000-7fa941ed8000 r--p 00015000 08:01 40919                      /usr/lib/x86_64-linux-gnu/libgcc_s.so.1
7fa941ed8000-7fa941ed9000 r--p 00018000 08:01 40919                      /usr/lib/x86_64-linux-gnu/libgcc_s.so.1
7fa941ed9000-7fa941eda000 rw-p 00019000 08:01 40919                      /usr/lib/x86_64-linux-gnu/libgcc_s.so.1
7fa941eda000-7fa941ee9000 r--p 00000000 08:01 40925                      /usr/lib/x86_64-linux-gnu/libm-2.31.so
7fa941ee9000-7fa941f90000 r-xp 0000f000 08:01 40925                      /usr/lib/x86_64-linux-gnu/libm-2.31.so
7fa941f90000-7fa942027000 r--p 000b6000 08:01 40925                      /usr/lib/x86_64-linux-gnu/libm-2.31.so
7fa942027000-7fa942028000 r--p 0014c000 08:01 40925                      /usr/lib/x86_64-linux-gnu/libm-2.31.so
7fa942028000-7fa942029000 rw-p 0014d000 08:01 40925                      /usr/lib/x86_64-linux-gnu/libm-2.31.so
7fa942029000-7fa9420bf000 r--p 00000000 08:01 40913                      /usr/lib/x86_64-linux-gnu/libstdc++.so.6.0.28
7fa9420bf000-7fa9421b0000 r-xp 00096000 08:01 40913                      /usr/lib/x86_64-linux-gnu/libstdc++.so.6.0.28
7fa9421b0000-7fa9421f9000 r--p 00187000 08:01 40913                      /usr/lib/x86_64-linux-gnu/libstdc++.so.6.0.28
7fa9421f9000-7fa9421fa000 ---p 001d0000 08:01 40913                      /usr/lib/x86_64-linux-gnu/libstdc++.so.6.0.28
7fa9421fa000-7fa942205000 r--p 001d0000 08:01 40913                      /usr/lib/x86_64-linux-gnu/libstdc++.so.6.0.28
7fa942205000-7fa942208000 rw-p 001db000 08:01 40913                      /usr/lib/x86_64-linux-gnu/libstdc++.so.6.0.28
7fa942208000-7fa94220b000 rw-p 00000000 00:00 0 
7fa94220b000-7fa942400000 r--p 00000000 08:01 396915                     /usr/lib/jvm/java-8-openjdk-amd64/jre/lib/amd64/server/libjvm.so
7fa942400000-7fa942d68000 r-xp 001f5000 08:01 396915                     /usr/lib/jvm/java-8-openjdk-amd64/jre/lib/amd64/server/libjvm.so
7fa942d68000-7fa942f19000 r--p 00b5d000 08:01 396915                     /usr/lib/jvm/java-8-openjdk-amd64/jre/lib/amd64/server/libjvm.so
7fa942f19000-7fa942f1a000 ---p 00d0e000 08:01 396915                     /usr/lib/jvm/java-8-openjdk-amd64/jre/lib/amd64/server/libjvm.so
7fa942f1a000-7fa942fb0000 r--p 00d0e000 08:01 396915                     /usr/lib/jvm/java-8-openjdk-amd64/jre/lib/amd64/server/libjvm.so
7fa942fb0000-7fa942fd9000 rw-p 00da4000 08:01 396915                     /usr/lib/jvm/java-8-openjdk-amd64/jre/lib/amd64/server/libjvm.so
7fa942fd9000-7fa94300e000 rw-p 00000000 00:00 0 
7fa94300e000-7fa943015000 r--p 00000000 08:01 40936                      /usr/lib/x86_64-linux-gnu/libpthread-2.31.so
7fa943015000-7fa943026000 r-xp 00007000 08:01 40936                      /usr/lib/x86_64-linux-gnu/libpthread-2.31.so
7fa943026000-7fa94302b000 r--p 00018000 08:01 40936                      /usr/lib/x86_64-linux-gnu/libpthread-2.31.so
7fa94302b000-7fa94302c000 r--p 0001c000 08:01 40936                      /usr/lib/x86_64-linux-gnu/libpthread-2.31.so
7fa94302c000-7fa94302d000 rw-p 0001d000 08:01 40936                      /usr/lib/x86_64-linux-gnu/libpthread-2.31.so
7fa94302d000-7fa943031000 rw-p 00000000 00:00 0 
7fa943031000-7fa943032000 r--p 00000000 08:01 40924                      /usr/lib/x86_64-linux-gnu/libdl-2.31.so
7fa943032000-7fa943034000 r-xp 00001000 08:01 40924                      /usr/lib/x86_64-linux-gnu/libdl-2.31.so
7fa943034000-7fa943035000 r--p 00003000 08:01 40924                      /usr/lib/x86_64-linux-gnu/libdl-2.31.so
7fa943035000-7fa943036000 r--p 00003000 08:01 40924                      /usr/lib/x86_64-linux-gnu/libdl-2.31.so
7fa943036000-7fa943037000 rw-p 00004000 08:01 40924                      /usr/lib/x86_64-linux-gnu/libdl-2.31.so
7fa943037000-7fa943039000 r--p 00000000 08:01 892                        /usr/lib/x86_64-linux-gnu/libz.so.1.2.11
7fa943039000-7fa94304a000 r-xp 00002000 08:01 892                        /usr/lib/x86_64-linux-gnu/libz.so.1.2.11
7fa94304a000-7fa943050000 r--p 00013000 08:01 892                        /usr/lib/x86_64-linux-gnu/libz.so.1.2.11
7fa943050000-7fa943051000 ---p 00019000 08:01 892                        /usr/lib/x86_64-linux-gnu/libz.so.1.2.11
7fa943051000-7fa943052000 r--p 00019000 08:01 892                        /usr/lib/x86_64-linux-gnu/libz.so.1.2.11
7fa943052000-7fa943053000 rw-p 0001a000 08:01 892                        /usr/lib/x86_64-linux-gnu/libz.so.1.2.11
7fa943053000-7fa943078000 r--p 00000000 08:01 40912                      /usr/lib/x86_64-linux-gnu/libc-2.31.so
7fa943078000-7fa9431f0000 r-xp 00025000 08:01 40912                      /usr/lib/x86_64-linux-gnu/libc-2.31.so
7fa9431f0000-7fa94323a000 r--p 0019d000 08:01 40912                      /usr/lib/x86_64-linux-gnu/libc-2.31.so
7fa94323a000-7fa94323b000 ---p 001e7000 08:01 40912                      /usr/lib/x86_64-linux-gnu/libc-2.31.so
7fa94323b000-7fa94323e000 r--p 001e7000 08:01 40912                      /usr/lib/x86_64-linux-gnu/libc-2.31.so
7fa94323e000-7fa943241000 rw-p 001ea000 08:01 40912                      /usr/lib/x86_64-linux-gnu/libc-2.31.so
7fa943241000-7fa943245000 rw-p 00000000 00:00 0 
7fa94324b000-7fa94324c000 rw-p 00000000 00:00 0 
7fa94324c000-7fa94324f000 r--p 00000000 08:01 396879                     /usr/lib/jvm/java-8-openjdk-amd64/jre/lib/amd64/jli/libjli.so
7fa94324f000-7fa943259000 r-xp 00003000 08:01 396879                     /usr/lib/jvm/java-8-openjdk-amd64/jre/lib/amd64/jli/libjli.so
7fa943259000-7fa94325c000 r--p 0000d000 08:01 396879                     /usr/lib/jvm/java-8-openjdk-amd64/jre/lib/amd64/jli/libjli.so
7fa94325c000-7fa94325d000 r--p 0000f000 08:01 396879                     /usr/lib/jvm/java-8-openjdk-amd64/jre/lib/amd64/jli/libjli.so
7fa94325d000-7fa94325e000 rw-p 00010000 08:01 396879                     /usr/lib/jvm/java-8-openjdk-amd64/jre/lib/amd64/jli/libjli.so
7fa94325e000-7fa943260000 rw-p 00000000 00:00 0 
7fa943260000-7fa943261000 r--p 00000000 08:01 11172                      /usr/lib/x86_64-linux-gnu/ld-2.31.so
7fa943261000-7fa943284000 r-xp 00001000 08:01 11172                      /usr/lib/x86_64-linux-gnu/ld-2.31.so
7fa943284000-7fa94328c000 r--p 00024000 08:01 11172                      /usr/lib/x86_64-linux-gnu/ld-2.31.so
7fa94328c000-7fa94328d000 r--p 00000000 00:00 0 
7fa94328d000-7fa94328e000 r--p 0002c000 08:01 11172                      /usr/lib/x86_64-linux-gnu/ld-2.31.so
7fa94328e000-7fa94328f000 rw-p 0002d000 08:01 11172                      /usr/lib/x86_64-linux-gnu/ld-2.31.so
7fa94328f000-7fa943290000 rw-p 00000000 00:00 0 
7ffcf5433000-7ffcf5454000 rw-p 00000000 00:00 0                          [stack]
7ffcf54ff000-7ffcf5502000 r--p 00000000 00:00 0                          [vvar]
7ffcf5502000-7ffcf5503000 r-xp 00000000 00:00 0                          [vdso]
ffffffffff600000-ffffffffff601000 --xp 00000000 00:00 0                  [vsyscall]

VM Arguments:
jvm_args: -Xmx8G -Xms6G 
java_command: /root/minecraft-2021-server/minecraft/forge-1.12.2-14.23.5.2855.jar
java_class_path (initial): /root/minecraft-2021-server/minecraft/forge-1.12.2-14.23.5.2855.jar
Launcher Type: SUN_STANDARD

Environment Variables:
PATH=/usr/local/sbin:/usr/local/bin:/usr/sbin:/usr/bin:/sbin:/bin
SHELL=/bin/sh

Signal Handlers:
SIGSEGV: [libjvm.so+0xb365d0], sa_mask[0]=11111111011111111101111111111110, sa_flags=SA_RESTART|SA_SIGINFO
SIGBUS: [libjvm.so+0xb365d0], sa_mask[0]=11111111011111111101111111111110, sa_flags=SA_RESTART|SA_SIGINFO
SIGFPE: [libjvm.so+0x97b8c0], sa_mask[0]=11111111011111111101111111111110, sa_flags=SA_RESTART|SA_SIGINFO
SIGPIPE: [libjvm.so+0x97b8c0], sa_mask[0]=11111111011111111101111111111110, sa_flags=SA_RESTART|SA_SIGINFO
SIGXFSZ: [libjvm.so+0x97b8c0], sa_mask[0]=11111111011111111101111111111110, sa_flags=SA_RESTART|SA_SIGINFO
SIGILL: [libjvm.so+0x97b8c0], sa_mask[0]=11111111011111111101111111111110, sa_flags=SA_RESTART|SA_SIGINFO
SIGUSR1: SIG_DFL, sa_mask[0]=00000000000000000000000000000000, sa_flags=none
SIGUSR2: [libjvm.so+0x97b770], sa_mask[0]=00000000000000000000000000000000, sa_flags=SA_RESTART|SA_SIGINFO
SIGHUP: SIG_DFL, sa_mask[0]=00000000000000000000000000000000, sa_flags=none
SIGINT: SIG_DFL, sa_mask[0]=00000000000000000000000000000000, sa_flags=none
SIGTERM: SIG_DFL, sa_mask[0]=00000000000000000000000000000000, sa_flags=none
SIGQUIT: SIG_DFL, sa_mask[0]=00000000000000000000000000000000, sa_flags=none


---------------  S Y S T E M  ---------------

OS:DISTRIB_ID=Ubuntu
DISTRIB_RELEASE=20.04
DISTRIB_CODENAME=focal
DISTRIB_DESCRIPTION="Ubuntu 20.04.2 LTS"

uname:Linux 5.4.0-77-generic #86-Ubuntu SMP Thu Jun 17 02:35:03 UTC 2021 x86_64
libc:glibc 2.31 NPTL 2.31 
rlimit: STACK 8192k, CORE 0k, NPROC 15221, NOFILE 524288, AS infinity
load average:0.03 0.02 0.00

/proc/meminfo:
MemTotal:        3932028 kB
MemFree:         2008716 kB
MemAvailable:    3109412 kB
Buffers:           75040 kB
Cached:           534268 kB
SwapCached:            0 kB
Active:           230212 kB
Inactive:         423804 kB
Active(anon):      45100 kB
Inactive(anon):      284 kB
Active(file):     185112 kB
Inactive(file):   423520 kB
Unevictable:           0 kB
Mlocked:               0 kB
SwapTotal:             0 kB
SwapFree:              0 kB
Dirty:               504 kB
Writeback:             0 kB
AnonPages:         44764 kB
Mapped:           148976 kB
Shmem:               680 kB
KReclaimable:     780924 kB
Slab:            1156764 kB
SReclaimable:     780924 kB
SUnreclaim:       375840 kB
KernelStack:        1896 kB
PageTables:         1804 kB
NFS_Unstable:          0 kB
Bounce:                0 kB
WritebackTmp:          0 kB
CommitLimit:     1966012 kB
Committed_AS:    2283120 kB
VmallocTotal:   34359738367 kB
VmallocUsed:        9204 kB
VmallocChunk:          0 kB
Percpu:           117504 kB
HardwareCorrupted:     0 kB
AnonHugePages:         0 kB
ShmemHugePages:        0 kB
ShmemPmdMapped:        0 kB
FileHugePages:         0 kB
FilePmdMapped:         0 kB
CmaTotal:              0 kB
CmaFree:               0 kB
HugePages_Total:       0
HugePages_Free:        0
HugePages_Rsvd:        0
HugePages_Surp:        0
Hugepagesize:       2048 kB
Hugetlb:               0 kB
DirectMap4k:      507760 kB
DirectMap2M:     3588096 kB
DirectMap1G:           0 kB

container (cgroup) information:
container_type: cgroupv1
cpu_cpuset_cpus: 0-2
cpu_memory_nodes: 0
active_processor_count: 3
cpu_quota: -1
cpu_period: 100000
cpu_shares: -1
memory_limit_in_bytes: -1
memory_and_swap_limit_in_bytes: -2
memory_soft_limit_in_bytes: -1
memory_usage_in_bytes: 6266880
memory_max_usage_in_bytes: 6266880


CPU:total 3 (initial active 3) (3 cores per cpu, 1 threads per core) family 23 model 49 stepping 0, cmov, cx8, fxsr, mmx, sse, sse2, sse3, ssse3, sse4.1, sse4.2, popcnt, avx, avx2, aes, clmul, mmxext, 3dnowpref, lzcnt, sse4a, tsc, bmi1

/proc/cpuinfo:
processor	: 0
vendor_id	: AuthenticAMD
cpu family	: 23
model		: 49
model name	: AMD EPYC Processor
stepping	: 0
microcode	: 0x1000065
cpu MHz		: 2495.310
cache size	: 512 KB
physical id	: 0
siblings	: 3
core id		: 0
cpu cores	: 3
apicid		: 0
initial apicid	: 0
fpu		: yes
fpu_exception	: yes
cpuid level	: 13
wp		: yes
flags		: fpu vme de pse tsc msr pae mce cx8 apic sep mtrr pge mca cmov pat pse36 clflush mmx fxsr sse sse2 ht syscall nx mmxext fxsr_opt pdpe1gb rdtscp lm rep_good nopl cpuid extd_apicid tsc_known_freq pni pclmulqdq ssse3 fma cx16 sse4_1 sse4_2 x2apic movbe popcnt aes xsave avx f16c rdrand hypervisor lahf_lm cmp_legacy cr8_legacy abm sse4a misalignsse 3dnowprefetch osvw topoext perfctr_core ssbd ibrs ibpb stibp vmmcall fsgsbase bmi1 avx2 smep bmi2 rdseed adx smap clflushopt clwb sha_ni xsaveopt xsavec xgetbv1 xsaves clzero xsaveerptr wbnoinvd arat umip rdpid arch_capabilities
bugs		: sysret_ss_attrs spectre_v1 spectre_v2 spec_store_bypass
bogomips	: 4990.62
TLB size	: 1024 4K pages
clflush size	: 64
cache_alignment	: 64
address sizes	: 40 bits physical, 48 bits virtual
power management:

processor	: 1
vendor_id	: AuthenticAMD
cpu family	: 23
model		: 49
model name	: AMD EPYC Processor
stepping	: 0
microcode	: 0x1000065
cpu MHz		: 2495.310
cache size	: 512 KB
physical id	: 0
siblings	: 3
core id		: 1
cpu cores	: 3
apicid		: 1
initial apicid	: 1
fpu		: yes
fpu_exception	: yes
cpuid level	: 13
wp		: yes
flags		: fpu vme de pse tsc msr pae mce cx8 apic sep mtrr pge mca cmov pat pse36 clflush mmx fxsr sse sse2 ht syscall nx mmxext fxsr_opt pdpe1gb rdtscp lm rep_good nopl cpuid extd_apicid tsc_known_freq pni pclmulqdq ssse3 fma cx16 sse4_1 sse4_2 x2apic movbe popcnt aes xsave avx f16c rdrand hypervisor lahf_lm cmp_legacy cr8_legacy abm sse4a misalignsse 3dnowprefetch osvw topoext perfctr_core ssbd ibrs ibpb stibp vmmcall fsgsbase bmi1 avx2 smep bmi2 rdseed adx smap clflushopt clwb sha_ni xsaveopt xsavec xgetbv1 xsaves clzero xsaveerptr wbnoinvd arat umip rdpid arch_capabilities
bugs		: sysret_ss_attrs spectre_v1 spectre_v2 spec_store_bypass
bogomips	: 4990.62
TLB size	: 1024 4K pages
clflush size	: 64
cache_alignment	: 64
address sizes	: 40 bits physical, 48 bits virtual
power management:

processor	: 2
vendor_id	: AuthenticAMD
cpu family	: 23
model		: 49
model name	: AMD EPYC Processor
stepping	: 0
microcode	: 0x1000065
cpu MHz		: 2495.310
cache size	: 512 KB
physical id	: 0
siblings	: 3
core id		: 2
cpu cores	: 3
apicid		: 2
initial apicid	: 2
fpu		: yes
fpu_exception	: yes
cpuid level	: 13
wp		: yes
flags		: fpu vme de pse tsc msr pae mce cx8 apic sep mtrr pge mca cmov pat pse36 clflush mmx fxsr sse sse2 ht syscall nx mmxext fxsr_opt pdpe1gb rdtscp lm rep_good nopl cpuid extd_apicid tsc_known_freq pni pclmulqdq ssse3 fma cx16 sse4_1 sse4_2 x2apic movbe popcnt aes xsave avx f16c rdrand hypervisor lahf_lm cmp_legacy cr8_legacy abm sse4a misalignsse 3dnowprefetch osvw topoext perfctr_core ssbd ibrs ibpb stibp vmmcall fsgsbase bmi1 avx2 smep bmi2 rdseed adx smap clflushopt clwb sha_ni xsaveopt xsavec xgetbv1 xsaves clzero xsaveerptr wbnoinvd arat umip rdpid arch_capabilities
bugs		: sysret_ss_attrs spectre_v1 spectre_v2 spec_store_bypass
bogomips	: 4990.62
TLB size	: 1024 4K pages
clflush size	: 64
cache_alignment	: 64
address sizes	: 40 bits physical, 48 bits virtual
power management:



Memory: 4k page, physical 3932028k(2008716k free), swap 0k(0k free)

vm_info: OpenJDK 64-Bit Server VM (25.292-b10) for linux-amd64 JRE (1.8.0_292-8u292-b10-0ubuntu1~20.04-b10), built on Apr 21 2021 11:46:09 by "buildd" with gcc 9.3.0

time: Tue Aug  3 04:40:22 2021
timezone: CEST
elapsed time: 0.009165 seconds (0d 0h 0m 0s)

