#
# There is insufficient memory for the Java Runtime Environment to continue.
# Native memory allocation (mmap) failed to map 4294967296 bytes for committing reserved memory.
# Possible reasons:
#   The system is out of physical RAM or swap space
#   The process is running with CompressedOops enabled, and the Java Heap may be blocking the growth of the native heap
# Possible solutions:
#   Reduce memory load on the system
#   Increase physical memory or swap space
#   Check if swap backing store is full
#   Decrease Java heap size (-Xmx/-Xms)
#   Decrease number of Java threads
#   Decrease Java thread stack sizes (-Xss)
#   Set larger code cache with -XX:ReservedCodeCacheSize=
# This output file may be truncated or incomplete.
#
#  Out of Memory Error (os_linux.cpp:2798), pid=23228, tid=0x00007fca28029700
#
# JRE version:  (8.0_292-b10) (build )
# Java VM: OpenJDK 64-Bit Server VM (25.292-b10 mixed mode linux-amd64 compressed oops)
# Failed to write core dump. Core dumps have been disabled. To enable core dumping, try "ulimit -c unlimited" before starting Java again
#

---------------  T H R E A D  ---------------

Current thread (0x00007fca2000a800):  JavaThread "Unknown thread" [_thread_in_vm, id=23231, stack(0x00007fca27f2a000,0x00007fca2802a000)]

Stack: [0x00007fca27f2a000,0x00007fca2802a000],  sp=0x00007fca280285b0,  free space=1017k
Native frames: (J=compiled Java code, j=interpreted, Vv=VM code, C=native code)
V  [libjvm.so+0xb35bb3]
V  [libjvm.so+0x4ec1e1]
V  [libjvm.so+0x9803cf]
V  [libjvm.so+0x977a52]
V  [libjvm.so+0x9f3dcb]
V  [libjvm.so+0x9e557c]
V  [libjvm.so+0x2cb8aa]
V  [libjvm.so+0x9a600a]
V  [libjvm.so+0xaf84ba]
V  [libjvm.so+0xaf8749]
V  [libjvm.so+0x641594]
V  [libjvm.so+0xad8190]
V  [libjvm.so+0x727d03]  JNI_CreateJavaVM+0x63
C  [libjli.so+0x442a]
C  [libjli.so+0x8dc1]
C  [libpthread.so.0+0x9609]  start_thread+0xd9


---------------  P R O C E S S  ---------------

Java Threads: ( => current thread )

Other Threads:

=>0x00007fca2000a800 (exited) JavaThread "Unknown thread" [_thread_in_vm, id=23231, stack(0x00007fca27f2a000,0x00007fca2802a000)]

VM state:not at safepoint (not fully initialized)

VM Mutex/Monitor currently owned by a thread: None

heap address: 0x00000005c0000000, size: 8192 MB, Compressed Oops mode: Non-zero based:0x00000005bffff000, Oop shift amount: 3
Narrow klass base: 0x0000000000000000, Narrow klass shift: 0

GC Heap History (0 events):
No events

Deoptimization events (0 events):
No events

Classes redefined (0 events):
No events

Internal exceptions (0 events):
No events

Events (0 events):
No events


Dynamic libraries:
6c0000000-715580000 ---p 00000000 00:00 0 
715580000-795580000 rw-p 00000000 00:00 0 
795580000-7c0000000 ---p 00000000 00:00 0 
55f4762b0000-55f4762b1000 r--p 00000000 08:01 396866                     /usr/lib/jvm/java-8-openjdk-amd64/jre/bin/java
55f4762b1000-55f4762b2000 r-xp 00001000 08:01 396866                     /usr/lib/jvm/java-8-openjdk-amd64/jre/bin/java
55f4762b2000-55f4762b3000 r--p 00002000 08:01 396866                     /usr/lib/jvm/java-8-openjdk-amd64/jre/bin/java
55f4762b3000-55f4762b4000 r--p 00002000 08:01 396866                     /usr/lib/jvm/java-8-openjdk-amd64/jre/bin/java
55f4762b4000-55f4762b5000 rw-p 00003000 08:01 396866                     /usr/lib/jvm/java-8-openjdk-amd64/jre/bin/java
55f47796c000-55f47798d000 rw-p 00000000 00:00 0                          [heap]
7fca11000000-7fca11270000 rwxp 00000000 00:00 0 
7fca11270000-7fca20000000 ---p 00000000 00:00 0 
7fca20000000-7fca20031000 rw-p 00000000 00:00 0 
7fca20031000-7fca24000000 ---p 00000000 00:00 0 
7fca26aec000-7fca27596000 ---p 00000000 00:00 0 
7fca27596000-7fca27997000 rw-p 00000000 00:00 0 
7fca27997000-7fca27aec000 ---p 00000000 00:00 0 
7fca27aec000-7fca27af7000 rw-p 00000000 00:00 0 
7fca27af7000-7fca27ead000 ---p 00000000 00:00 0 
7fca27ead000-7fca27eb0000 r--p 00000000 08:01 396912                     /usr/lib/jvm/java-8-openjdk-amd64/jre/lib/amd64/libzip.so
7fca27eb0000-7fca27eb5000 r-xp 00003000 08:01 396912                     /usr/lib/jvm/java-8-openjdk-amd64/jre/lib/amd64/libzip.so
7fca27eb5000-7fca27eb7000 r--p 00008000 08:01 396912                     /usr/lib/jvm/java-8-openjdk-amd64/jre/lib/amd64/libzip.so
7fca27eb7000-7fca27eb8000 r--p 00009000 08:01 396912                     /usr/lib/jvm/java-8-openjdk-amd64/jre/lib/amd64/libzip.so
7fca27eb8000-7fca27eb9000 rw-p 0000a000 08:01 396912                     /usr/lib/jvm/java-8-openjdk-amd64/jre/lib/amd64/libzip.so
7fca27eb9000-7fca27ec1000 rw-s 00000000 08:01 652806                     /tmp/hsperfdata_root/23228
7fca27ec1000-7fca27ec4000 r--p 00000000 08:01 40931                      /usr/lib/x86_64-linux-gnu/libnss_files-2.31.so
7fca27ec4000-7fca27ecb000 r-xp 00003000 08:01 40931                      /usr/lib/x86_64-linux-gnu/libnss_files-2.31.so
7fca27ecb000-7fca27ecd000 r--p 0000a000 08:01 40931                      /usr/lib/x86_64-linux-gnu/libnss_files-2.31.so
7fca27ecd000-7fca27ece000 r--p 0000b000 08:01 40931                      /usr/lib/x86_64-linux-gnu/libnss_files-2.31.so
7fca27ece000-7fca27ecf000 rw-p 0000c000 08:01 40931                      /usr/lib/x86_64-linux-gnu/libnss_files-2.31.so
7fca27ecf000-7fca27ed5000 rw-p 00000000 00:00 0 
7fca27edc000-7fca27ee9000 r--p 00000000 08:01 396893                     /usr/lib/jvm/java-8-openjdk-amd64/jre/lib/amd64/libjava.so
7fca27ee9000-7fca27f01000 r-xp 0000d000 08:01 396893                     /usr/lib/jvm/java-8-openjdk-amd64/jre/lib/amd64/libjava.so
7fca27f01000-7fca27f08000 r--p 00025000 08:01 396893                     /usr/lib/jvm/java-8-openjdk-amd64/jre/lib/amd64/libjava.so
7fca27f08000-7fca27f09000 r--p 0002b000 08:01 396893                     /usr/lib/jvm/java-8-openjdk-amd64/jre/lib/amd64/libjava.so
7fca27f09000-7fca27f0b000 rw-p 0002c000 08:01 396893                     /usr/lib/jvm/java-8-openjdk-amd64/jre/lib/amd64/libjava.so
7fca27f0b000-7fca27f10000 r--p 00000000 08:01 396911                     /usr/lib/jvm/java-8-openjdk-amd64/jre/lib/amd64/libverify.so
7fca27f10000-7fca27f19000 r-xp 00005000 08:01 396911                     /usr/lib/jvm/java-8-openjdk-amd64/jre/lib/amd64/libverify.so
7fca27f19000-7fca27f1b000 r--p 0000e000 08:01 396911                     /usr/lib/jvm/java-8-openjdk-amd64/jre/lib/amd64/libverify.so
7fca27f1b000-7fca27f1d000 r--p 0000f000 08:01 396911                     /usr/lib/jvm/java-8-openjdk-amd64/jre/lib/amd64/libverify.so
7fca27f1d000-7fca27f1e000 rw-p 00011000 08:01 396911                     /usr/lib/jvm/java-8-openjdk-amd64/jre/lib/amd64/libverify.so
7fca27f1e000-7fca27f21000 r--p 00000000 08:01 40938                      /usr/lib/x86_64-linux-gnu/librt-2.31.so
7fca27f21000-7fca27f25000 r-xp 00003000 08:01 40938                      /usr/lib/x86_64-linux-gnu/librt-2.31.so
7fca27f25000-7fca27f26000 r--p 00007000 08:01 40938                      /usr/lib/x86_64-linux-gnu/librt-2.31.so
7fca27f26000-7fca27f27000 ---p 00008000 08:01 40938                      /usr/lib/x86_64-linux-gnu/librt-2.31.so
7fca27f27000-7fca27f28000 r--p 00008000 08:01 40938                      /usr/lib/x86_64-linux-gnu/librt-2.31.so
7fca27f28000-7fca27f29000 rw-p 00009000 08:01 40938                      /usr/lib/x86_64-linux-gnu/librt-2.31.so
7fca27f29000-7fca27f2a000 ---p 00000000 00:00 0 
7fca27f2a000-7fca27f2d000 ---p 00000000 00:00 0 
7fca27f2d000-7fca2802a000 rw-p 00000000 00:00 0 
7fca2802a000-7fca2802d000 r--p 00000000 08:01 40919                      /usr/lib/x86_64-linux-gnu/libgcc_s.so.1
7fca2802d000-7fca2803f000 r-xp 00003000 08:01 40919                      /usr/lib/x86_64-linux-gnu/libgcc_s.so.1
7fca2803f000-7fca28043000 r--p 00015000 08:01 40919                      /usr/lib/x86_64-linux-gnu/libgcc_s.so.1
7fca28043000-7fca28044000 r--p 00018000 08:01 40919                      /usr/lib/x86_64-linux-gnu/libgcc_s.so.1
7fca28044000-7fca28045000 rw-p 00019000 08:01 40919                      /usr/lib/x86_64-linux-gnu/libgcc_s.so.1
7fca28045000-7fca28054000 r--p 00000000 08:01 40925                      /usr/lib/x86_64-linux-gnu/libm-2.31.so
7fca28054000-7fca280fb000 r-xp 0000f000 08:01 40925                      /usr/lib/x86_64-linux-gnu/libm-2.31.so
7fca280fb000-7fca28192000 r--p 000b6000 08:01 40925                      /usr/lib/x86_64-linux-gnu/libm-2.31.so
7fca28192000-7fca28193000 r--p 0014c000 08:01 40925                      /usr/lib/x86_64-linux-gnu/libm-2.31.so
7fca28193000-7fca28194000 rw-p 0014d000 08:01 40925                      /usr/lib/x86_64-linux-gnu/libm-2.31.so
7fca28194000-7fca2822a000 r--p 00000000 08:01 40913                      /usr/lib/x86_64-linux-gnu/libstdc++.so.6.0.28
7fca2822a000-7fca2831b000 r-xp 00096000 08:01 40913                      /usr/lib/x86_64-linux-gnu/libstdc++.so.6.0.28
7fca2831b000-7fca28364000 r--p 00187000 08:01 40913                      /usr/lib/x86_64-linux-gnu/libstdc++.so.6.0.28
7fca28364000-7fca28365000 ---p 001d0000 08:01 40913                      /usr/lib/x86_64-linux-gnu/libstdc++.so.6.0.28
7fca28365000-7fca28370000 r--p 001d0000 08:01 40913                      /usr/lib/x86_64-linux-gnu/libstdc++.so.6.0.28
7fca28370000-7fca28373000 rw-p 001db000 08:01 40913                      /usr/lib/x86_64-linux-gnu/libstdc++.so.6.0.28
7fca28373000-7fca28376000 rw-p 00000000 00:00 0 
7fca28376000-7fca2856b000 r--p 00000000 08:01 396915                     /usr/lib/jvm/java-8-openjdk-amd64/jre/lib/amd64/server/libjvm.so
7fca2856b000-7fca28ed3000 r-xp 001f5000 08:01 396915                     /usr/lib/jvm/java-8-openjdk-amd64/jre/lib/amd64/server/libjvm.so
7fca28ed3000-7fca29084000 r--p 00b5d000 08:01 396915                     /usr/lib/jvm/java-8-openjdk-amd64/jre/lib/amd64/server/libjvm.so
7fca29084000-7fca29085000 ---p 00d0e000 08:01 396915                     /usr/lib/jvm/java-8-openjdk-amd64/jre/lib/amd64/server/libjvm.so
7fca29085000-7fca2911b000 r--p 00d0e000 08:01 396915                     /usr/lib/jvm/java-8-openjdk-amd64/jre/lib/amd64/server/libjvm.so
7fca2911b000-7fca29144000 rw-p 00da4000 08:01 396915                     /usr/lib/jvm/java-8-openjdk-amd64/jre/lib/amd64/server/libjvm.so
7fca29144000-7fca29179000 rw-p 00000000 00:00 0 
7fca29179000-7fca29180000 r--p 00000000 08:01 40936                      /usr/lib/x86_64-linux-gnu/libpthread-2.31.so
7fca29180000-7fca29191000 r-xp 00007000 08:01 40936                      /usr/lib/x86_64-linux-gnu/libpthread-2.31.so
7fca29191000-7fca29196000 r--p 00018000 08:01 40936                      /usr/lib/x86_64-linux-gnu/libpthread-2.31.so
7fca29196000-7fca29197000 r--p 0001c000 08:01 40936                      /usr/lib/x86_64-linux-gnu/libpthread-2.31.so
7fca29197000-7fca29198000 rw-p 0001d000 08:01 40936                      /usr/lib/x86_64-linux-gnu/libpthread-2.31.so
7fca29198000-7fca2919c000 rw-p 00000000 00:00 0 
7fca2919c000-7fca2919d000 r--p 00000000 08:01 40924                      /usr/lib/x86_64-linux-gnu/libdl-2.31.so
7fca2919d000-7fca2919f000 r-xp 00001000 08:01 40924                      /usr/lib/x86_64-linux-gnu/libdl-2.31.so
7fca2919f000-7fca291a0000 r--p 00003000 08:01 40924                      /usr/lib/x86_64-linux-gnu/libdl-2.31.so
7fca291a0000-7fca291a1000 r--p 00003000 08:01 40924                      /usr/lib/x86_64-linux-gnu/libdl-2.31.so
7fca291a1000-7fca291a2000 rw-p 00004000 08:01 40924                      /usr/lib/x86_64-linux-gnu/libdl-2.31.so
7fca291a2000-7fca291a4000 r--p 00000000 08:01 892                        /usr/lib/x86_64-linux-gnu/libz.so.1.2.11
7fca291a4000-7fca291b5000 r-xp 00002000 08:01 892                        /usr/lib/x86_64-linux-gnu/libz.so.1.2.11
7fca291b5000-7fca291bb000 r--p 00013000 08:01 892                        /usr/lib/x86_64-linux-gnu/libz.so.1.2.11
7fca291bb000-7fca291bc000 ---p 00019000 08:01 892                        /usr/lib/x86_64-linux-gnu/libz.so.1.2.11
7fca291bc000-7fca291bd000 r--p 00019000 08:01 892                        /usr/lib/x86_64-linux-gnu/libz.so.1.2.11
7fca291bd000-7fca291be000 rw-p 0001a000 08:01 892                        /usr/lib/x86_64-linux-gnu/libz.so.1.2.11
7fca291be000-7fca291e3000 r--p 00000000 08:01 40912                      /usr/lib/x86_64-linux-gnu/libc-2.31.so
7fca291e3000-7fca2935b000 r-xp 00025000 08:01 40912                      /usr/lib/x86_64-linux-gnu/libc-2.31.so
7fca2935b000-7fca293a5000 r--p 0019d000 08:01 40912                      /usr/lib/x86_64-linux-gnu/libc-2.31.so
7fca293a5000-7fca293a6000 ---p 001e7000 08:01 40912                      /usr/lib/x86_64-linux-gnu/libc-2.31.so
7fca293a6000-7fca293a9000 r--p 001e7000 08:01 40912                      /usr/lib/x86_64-linux-gnu/libc-2.31.so
7fca293a9000-7fca293ac000 rw-p 001ea000 08:01 40912                      /usr/lib/x86_64-linux-gnu/libc-2.31.so
7fca293ac000-7fca293b0000 rw-p 00000000 00:00 0 
7fca293b6000-7fca293b7000 rw-p 00000000 00:00 0 
7fca293b7000-7fca293ba000 r--p 00000000 08:01 396879                     /usr/lib/jvm/java-8-openjdk-amd64/jre/lib/amd64/jli/libjli.so
7fca293ba000-7fca293c4000 r-xp 00003000 08:01 396879                     /usr/lib/jvm/java-8-openjdk-amd64/jre/lib/amd64/jli/libjli.so
7fca293c4000-7fca293c7000 r--p 0000d000 08:01 396879                     /usr/lib/jvm/java-8-openjdk-amd64/jre/lib/amd64/jli/libjli.so
7fca293c7000-7fca293c8000 r--p 0000f000 08:01 396879                     /usr/lib/jvm/java-8-openjdk-amd64/jre/lib/amd64/jli/libjli.so
7fca293c8000-7fca293c9000 rw-p 00010000 08:01 396879                     /usr/lib/jvm/java-8-openjdk-amd64/jre/lib/amd64/jli/libjli.so
7fca293c9000-7fca293cb000 rw-p 00000000 00:00 0 
7fca293cb000-7fca293cc000 r--p 00000000 08:01 11172                      /usr/lib/x86_64-linux-gnu/ld-2.31.so
7fca293cc000-7fca293ef000 r-xp 00001000 08:01 11172                      /usr/lib/x86_64-linux-gnu/ld-2.31.so
7fca293ef000-7fca293f7000 r--p 00024000 08:01 11172                      /usr/lib/x86_64-linux-gnu/ld-2.31.so
7fca293f7000-7fca293f8000 r--p 00000000 00:00 0 
7fca293f8000-7fca293f9000 r--p 0002c000 08:01 11172                      /usr/lib/x86_64-linux-gnu/ld-2.31.so
7fca293f9000-7fca293fa000 rw-p 0002d000 08:01 11172                      /usr/lib/x86_64-linux-gnu/ld-2.31.so
7fca293fa000-7fca293fb000 rw-p 00000000 00:00 0 
7ffd1bdf0000-7ffd1be11000 rw-p 00000000 00:00 0                          [stack]
7ffd1bff0000-7ffd1bff3000 r--p 00000000 00:00 0                          [vvar]
7ffd1bff3000-7ffd1bff4000 r-xp 00000000 00:00 0                          [vdso]
ffffffffff600000-ffffffffff601000 --xp 00000000 00:00 0                  [vsyscall]

VM Arguments:
jvm_args: -Xmx8G -Xms6G 
java_command: /root/minecraft-2021-server/minecraft/forge-1.12.2-14.23.5.2855.jar
java_class_path (initial): /root/minecraft-2021-server/minecraft/forge-1.12.2-14.23.5.2855.jar
Launcher Type: SUN_STANDARD

Environment Variables:
PATH=/usr/local/sbin:/usr/local/bin:/usr/sbin:/usr/bin:/sbin:/bin
SHELL=/bin/sh

Signal Handlers:
SIGSEGV: [libjvm.so+0xb365d0], sa_mask[0]=11111111011111111101111111111110, sa_flags=SA_RESTART|SA_SIGINFO
SIGBUS: [libjvm.so+0xb365d0], sa_mask[0]=11111111011111111101111111111110, sa_flags=SA_RESTART|SA_SIGINFO
SIGFPE: [libjvm.so+0x97b8c0], sa_mask[0]=11111111011111111101111111111110, sa_flags=SA_RESTART|SA_SIGINFO
SIGPIPE: [libjvm.so+0x97b8c0], sa_mask[0]=11111111011111111101111111111110, sa_flags=SA_RESTART|SA_SIGINFO
SIGXFSZ: [libjvm.so+0x97b8c0], sa_mask[0]=11111111011111111101111111111110, sa_flags=SA_RESTART|SA_SIGINFO
SIGILL: [libjvm.so+0x97b8c0], sa_mask[0]=11111111011111111101111111111110, sa_flags=SA_RESTART|SA_SIGINFO
SIGUSR1: SIG_DFL, sa_mask[0]=00000000000000000000000000000000, sa_flags=none
SIGUSR2: [libjvm.so+0x97b770], sa_mask[0]=00000000000000000000000000000000, sa_flags=SA_RESTART|SA_SIGINFO
SIGHUP: SIG_DFL, sa_mask[0]=00000000000000000000000000000000, sa_flags=none
SIGINT: SIG_DFL, sa_mask[0]=00000000000000000000000000000000, sa_flags=none
SIGTERM: SIG_DFL, sa_mask[0]=00000000000000000000000000000000, sa_flags=none
SIGQUIT: SIG_DFL, sa_mask[0]=00000000000000000000000000000000, sa_flags=none


---------------  S Y S T E M  ---------------

OS:DISTRIB_ID=Ubuntu
DISTRIB_RELEASE=20.04
DISTRIB_CODENAME=focal
DISTRIB_DESCRIPTION="Ubuntu 20.04.2 LTS"

uname:Linux 5.4.0-77-generic #86-Ubuntu SMP Thu Jun 17 02:35:03 UTC 2021 x86_64
libc:glibc 2.31 NPTL 2.31 
rlimit: STACK 8192k, CORE 0k, NPROC 15221, NOFILE 524288, AS infinity
load average:0.00 0.00 0.00

/proc/meminfo:
MemTotal:        3932028 kB
MemFree:         3408844 kB
MemAvailable:    3500468 kB
Buffers:           31336 kB
Cached:           199068 kB
SwapCached:            0 kB
Active:           136484 kB
Inactive:         139612 kB
Active(anon):      45904 kB
Inactive(anon):      480 kB
Active(file):      90580 kB
Inactive(file):   139132 kB
Unevictable:           0 kB
Mlocked:               0 kB
SwapTotal:             0 kB
SwapFree:              0 kB
Dirty:               608 kB
Writeback:             0 kB
AnonPages:         45884 kB
Mapped:            58132 kB
Shmem:               676 kB
KReclaimable:     132612 kB
Slab:             214116 kB
SReclaimable:     132612 kB
SUnreclaim:        81504 kB
KernelStack:        1980 kB
PageTables:         1496 kB
NFS_Unstable:          0 kB
Bounce:                0 kB
WritebackTmp:          0 kB
CommitLimit:     1966012 kB
Committed_AS:    2287632 kB
VmallocTotal:   34359738367 kB
VmallocUsed:        7532 kB
VmallocChunk:          0 kB
Percpu:            17376 kB
HardwareCorrupted:     0 kB
AnonHugePages:         0 kB
ShmemHugePages:        0 kB
ShmemPmdMapped:        0 kB
FileHugePages:         0 kB
FilePmdMapped:         0 kB
CmaTotal:              0 kB
CmaFree:               0 kB
HugePages_Total:       0
HugePages_Free:        0
HugePages_Rsvd:        0
HugePages_Surp:        0
Hugepagesize:       2048 kB
Hugetlb:               0 kB
DirectMap4k:      132976 kB
DirectMap2M:     3962880 kB
DirectMap1G:           0 kB

container (cgroup) information:
container_type: cgroupv1
cpu_cpuset_cpus: 0-2
cpu_memory_nodes: 0
active_processor_count: 3
cpu_quota: -1
cpu_period: 100000
cpu_shares: -1
memory_limit_in_bytes: -1
memory_and_swap_limit_in_bytes: -2
memory_soft_limit_in_bytes: -1
memory_usage_in_bytes: 6221824
memory_max_usage_in_bytes: 6221824


CPU:total 3 (initial active 3) (3 cores per cpu, 1 threads per core) family 23 model 49 stepping 0, cmov, cx8, fxsr, mmx, sse, sse2, sse3, ssse3, sse4.1, sse4.2, popcnt, avx, avx2, aes, clmul, mmxext, 3dnowpref, lzcnt, sse4a, tsc, bmi1

/proc/cpuinfo:
processor	: 0
vendor_id	: AuthenticAMD
cpu family	: 23
model		: 49
model name	: AMD EPYC Processor
stepping	: 0
microcode	: 0x1000065
cpu MHz		: 2495.310
cache size	: 512 KB
physical id	: 0
siblings	: 3
core id		: 0
cpu cores	: 3
apicid		: 0
initial apicid	: 0
fpu		: yes
fpu_exception	: yes
cpuid level	: 13
wp		: yes
flags		: fpu vme de pse tsc msr pae mce cx8 apic sep mtrr pge mca cmov pat pse36 clflush mmx fxsr sse sse2 ht syscall nx mmxext fxsr_opt pdpe1gb rdtscp lm rep_good nopl cpuid extd_apicid tsc_known_freq pni pclmulqdq ssse3 fma cx16 sse4_1 sse4_2 x2apic movbe popcnt aes xsave avx f16c rdrand hypervisor lahf_lm cmp_legacy cr8_legacy abm sse4a misalignsse 3dnowprefetch osvw topoext perfctr_core ssbd ibrs ibpb stibp vmmcall fsgsbase bmi1 avx2 smep bmi2 rdseed adx smap clflushopt clwb sha_ni xsaveopt xsavec xgetbv1 xsaves clzero xsaveerptr wbnoinvd arat umip rdpid arch_capabilities
bugs		: sysret_ss_attrs spectre_v1 spectre_v2 spec_store_bypass
bogomips	: 4990.62
TLB size	: 1024 4K pages
clflush size	: 64
cache_alignment	: 64
address sizes	: 40 bits physical, 48 bits virtual
power management:

processor	: 1
vendor_id	: AuthenticAMD
cpu family	: 23
model		: 49
model name	: AMD EPYC Processor
stepping	: 0
microcode	: 0x1000065
cpu MHz		: 2495.310
cache size	: 512 KB
physical id	: 0
siblings	: 3
core id		: 1
cpu cores	: 3
apicid		: 1
initial apicid	: 1
fpu		: yes
fpu_exception	: yes
cpuid level	: 13
wp		: yes
flags		: fpu vme de pse tsc msr pae mce cx8 apic sep mtrr pge mca cmov pat pse36 clflush mmx fxsr sse sse2 ht syscall nx mmxext fxsr_opt pdpe1gb rdtscp lm rep_good nopl cpuid extd_apicid tsc_known_freq pni pclmulqdq ssse3 fma cx16 sse4_1 sse4_2 x2apic movbe popcnt aes xsave avx f16c rdrand hypervisor lahf_lm cmp_legacy cr8_legacy abm sse4a misalignsse 3dnowprefetch osvw topoext perfctr_core ssbd ibrs ibpb stibp vmmcall fsgsbase bmi1 avx2 smep bmi2 rdseed adx smap clflushopt clwb sha_ni xsaveopt xsavec xgetbv1 xsaves clzero xsaveerptr wbnoinvd arat umip rdpid arch_capabilities
bugs		: sysret_ss_attrs spectre_v1 spectre_v2 spec_store_bypass
bogomips	: 4990.62
TLB size	: 1024 4K pages
clflush size	: 64
cache_alignment	: 64
address sizes	: 40 bits physical, 48 bits virtual
power management:

processor	: 2
vendor_id	: AuthenticAMD
cpu family	: 23
model		: 49
model name	: AMD EPYC Processor
stepping	: 0
microcode	: 0x1000065
cpu MHz		: 2495.310
cache size	: 512 KB
physical id	: 0
siblings	: 3
core id		: 2
cpu cores	: 3
apicid		: 2
initial apicid	: 2
fpu		: yes
fpu_exception	: yes
cpuid level	: 13
wp		: yes
flags		: fpu vme de pse tsc msr pae mce cx8 apic sep mtrr pge mca cmov pat pse36 clflush mmx fxsr sse sse2 ht syscall nx mmxext fxsr_opt pdpe1gb rdtscp lm rep_good nopl cpuid extd_apicid tsc_known_freq pni pclmulqdq ssse3 fma cx16 sse4_1 sse4_2 x2apic movbe popcnt aes xsave avx f16c rdrand hypervisor lahf_lm cmp_legacy cr8_legacy abm sse4a misalignsse 3dnowprefetch osvw topoext perfctr_core ssbd ibrs ibpb stibp vmmcall fsgsbase bmi1 avx2 smep bmi2 rdseed adx smap clflushopt clwb sha_ni xsaveopt xsavec xgetbv1 xsaves clzero xsaveerptr wbnoinvd arat umip rdpid arch_capabilities
bugs		: sysret_ss_attrs spectre_v1 spectre_v2 spec_store_bypass
bogomips	: 4990.62
TLB size	: 1024 4K pages
clflush size	: 64
cache_alignment	: 64
address sizes	: 40 bits physical, 48 bits virtual
power management:



Memory: 4k page, physical 3932028k(3408088k free), swap 0k(0k free)

vm_info: OpenJDK 64-Bit Server VM (25.292-b10) for linux-amd64 JRE (1.8.0_292-8u292-b10-0ubuntu1~20.04-b10), built on Apr 21 2021 11:46:09 by "buildd" with gcc 9.3.0

time: Mon Aug  2 02:44:17 2021
timezone: CEST
elapsed time: 0.009525 seconds (0d 0h 0m 0s)

