#
# There is insufficient memory for the Java Runtime Environment to continue.
# Native memory allocation (mmap) failed to map 4294967296 bytes for committing reserved memory.
# Possible reasons:
#   The system is out of physical RAM or swap space
#   The process is running with CompressedOops enabled, and the Java Heap may be blocking the growth of the native heap
# Possible solutions:
#   Reduce memory load on the system
#   Increase physical memory or swap space
#   Check if swap backing store is full
#   Decrease Java heap size (-Xmx/-Xms)
#   Decrease number of Java threads
#   Decrease Java thread stack sizes (-Xss)
#   Set larger code cache with -XX:ReservedCodeCacheSize=
# This output file may be truncated or incomplete.
#
#  Out of Memory Error (os_linux.cpp:2798), pid=732723, tid=0x00007f2c40902700
#
# JRE version:  (8.0_292-b10) (build )
# Java VM: OpenJDK 64-Bit Server VM (25.292-b10 mixed mode linux-amd64 compressed oops)
# Failed to write core dump. Core dumps have been disabled. To enable core dumping, try "ulimit -c unlimited" before starting Java again
#

---------------  T H R E A D  ---------------

Current thread (0x00007f2c3c00a800):  JavaThread "Unknown thread" [_thread_in_vm, id=732724, stack(0x00007f2c40803000,0x00007f2c40903000)]

Stack: [0x00007f2c40803000,0x00007f2c40903000],  sp=0x00007f2c409015b0,  free space=1017k
Native frames: (J=compiled Java code, j=interpreted, Vv=VM code, C=native code)
V  [libjvm.so+0xb35bb3]
V  [libjvm.so+0x4ec1e1]
V  [libjvm.so+0x9803cf]
V  [libjvm.so+0x977a52]
V  [libjvm.so+0x9f3dcb]
V  [libjvm.so+0x9e557c]
V  [libjvm.so+0x2cb8aa]
V  [libjvm.so+0x9a600a]
V  [libjvm.so+0xaf84ba]
V  [libjvm.so+0xaf8749]
V  [libjvm.so+0x641594]
V  [libjvm.so+0xad8190]
V  [libjvm.so+0x727d03]  JNI_CreateJavaVM+0x63
C  [libjli.so+0x442a]
C  [libjli.so+0x8dc1]
C  [libpthread.so.0+0x9609]  start_thread+0xd9


---------------  P R O C E S S  ---------------

Java Threads: ( => current thread )

Other Threads:

=>0x00007f2c3c00a800 (exited) JavaThread "Unknown thread" [_thread_in_vm, id=732724, stack(0x00007f2c40803000,0x00007f2c40903000)]

VM state:not at safepoint (not fully initialized)

VM Mutex/Monitor currently owned by a thread: None

heap address: 0x00000005c0000000, size: 8192 MB, Compressed Oops mode: Non-zero based:0x00000005bffff000, Oop shift amount: 3
Narrow klass base: 0x0000000000000000, Narrow klass shift: 0

GC Heap History (0 events):
No events

Deoptimization events (0 events):
No events

Classes redefined (0 events):
No events

Internal exceptions (0 events):
No events

Events (0 events):
No events


Dynamic libraries:
6c0000000-715580000 ---p 00000000 00:00 0 
715580000-795580000 rw-p 00000000 00:00 0 
795580000-7c0000000 ---p 00000000 00:00 0 
557d369b7000-557d369b8000 r--p 00000000 08:01 396866                     /usr/lib/jvm/java-8-openjdk-amd64/jre/bin/java
557d369b8000-557d369b9000 r-xp 00001000 08:01 396866                     /usr/lib/jvm/java-8-openjdk-amd64/jre/bin/java
557d369b9000-557d369ba000 r--p 00002000 08:01 396866                     /usr/lib/jvm/java-8-openjdk-amd64/jre/bin/java
557d369ba000-557d369bb000 r--p 00002000 08:01 396866                     /usr/lib/jvm/java-8-openjdk-amd64/jre/bin/java
557d369bb000-557d369bc000 rw-p 00003000 08:01 396866                     /usr/lib/jvm/java-8-openjdk-amd64/jre/bin/java
557d37199000-557d371ba000 rw-p 00000000 00:00 0                          [heap]
7f2c2bfff000-7f2c2caa9000 ---p 00000000 00:00 0 
7f2c2caa9000-7f2c2ceaa000 rw-p 00000000 00:00 0 
7f2c2ceaa000-7f2c2cfff000 ---p 00000000 00:00 0 
7f2c2cfff000-7f2c2d000000 rw-p 00000000 00:00 0 
7f2c2d000000-7f2c2d270000 rwxp 00000000 00:00 0 
7f2c2d270000-7f2c3c000000 ---p 00000000 00:00 0 
7f2c3c000000-7f2c3c031000 rw-p 00000000 00:00 0 
7f2c3c031000-7f2c40000000 ---p 00000000 00:00 0 
7f2c403c6000-7f2c403d0000 rw-p 00000000 00:00 0 
7f2c403d0000-7f2c40786000 ---p 00000000 00:00 0 
7f2c40786000-7f2c40789000 r--p 00000000 08:01 396912                     /usr/lib/jvm/java-8-openjdk-amd64/jre/lib/amd64/libzip.so
7f2c40789000-7f2c4078e000 r-xp 00003000 08:01 396912                     /usr/lib/jvm/java-8-openjdk-amd64/jre/lib/amd64/libzip.so
7f2c4078e000-7f2c40790000 r--p 00008000 08:01 396912                     /usr/lib/jvm/java-8-openjdk-amd64/jre/lib/amd64/libzip.so
7f2c40790000-7f2c40791000 r--p 00009000 08:01 396912                     /usr/lib/jvm/java-8-openjdk-amd64/jre/lib/amd64/libzip.so
7f2c40791000-7f2c40792000 rw-p 0000a000 08:01 396912                     /usr/lib/jvm/java-8-openjdk-amd64/jre/lib/amd64/libzip.so
7f2c40792000-7f2c4079a000 rw-s 00000000 08:01 652806                     /tmp/hsperfdata_root/732723
7f2c4079a000-7f2c4079d000 r--p 00000000 08:01 40931                      /usr/lib/x86_64-linux-gnu/libnss_files-2.31.so
7f2c4079d000-7f2c407a4000 r-xp 00003000 08:01 40931                      /usr/lib/x86_64-linux-gnu/libnss_files-2.31.so
7f2c407a4000-7f2c407a6000 r--p 0000a000 08:01 40931                      /usr/lib/x86_64-linux-gnu/libnss_files-2.31.so
7f2c407a6000-7f2c407a7000 r--p 0000b000 08:01 40931                      /usr/lib/x86_64-linux-gnu/libnss_files-2.31.so
7f2c407a7000-7f2c407a8000 rw-p 0000c000 08:01 40931                      /usr/lib/x86_64-linux-gnu/libnss_files-2.31.so
7f2c407a8000-7f2c407ae000 rw-p 00000000 00:00 0 
7f2c407b5000-7f2c407c2000 r--p 00000000 08:01 396893                     /usr/lib/jvm/java-8-openjdk-amd64/jre/lib/amd64/libjava.so
7f2c407c2000-7f2c407da000 r-xp 0000d000 08:01 396893                     /usr/lib/jvm/java-8-openjdk-amd64/jre/lib/amd64/libjava.so
7f2c407da000-7f2c407e1000 r--p 00025000 08:01 396893                     /usr/lib/jvm/java-8-openjdk-amd64/jre/lib/amd64/libjava.so
7f2c407e1000-7f2c407e2000 r--p 0002b000 08:01 396893                     /usr/lib/jvm/java-8-openjdk-amd64/jre/lib/amd64/libjava.so
7f2c407e2000-7f2c407e4000 rw-p 0002c000 08:01 396893                     /usr/lib/jvm/java-8-openjdk-amd64/jre/lib/amd64/libjava.so
7f2c407e4000-7f2c407e9000 r--p 00000000 08:01 396911                     /usr/lib/jvm/java-8-openjdk-amd64/jre/lib/amd64/libverify.so
7f2c407e9000-7f2c407f2000 r-xp 00005000 08:01 396911                     /usr/lib/jvm/java-8-openjdk-amd64/jre/lib/amd64/libverify.so
7f2c407f2000-7f2c407f4000 r--p 0000e000 08:01 396911                     /usr/lib/jvm/java-8-openjdk-amd64/jre/lib/amd64/libverify.so
7f2c407f4000-7f2c407f6000 r--p 0000f000 08:01 396911                     /usr/lib/jvm/java-8-openjdk-amd64/jre/lib/amd64/libverify.so
7f2c407f6000-7f2c407f7000 rw-p 00011000 08:01 396911                     /usr/lib/jvm/java-8-openjdk-amd64/jre/lib/amd64/libverify.so
7f2c407f7000-7f2c407fa000 r--p 00000000 08:01 40938                      /usr/lib/x86_64-linux-gnu/librt-2.31.so
7f2c407fa000-7f2c407fe000 r-xp 00003000 08:01 40938                      /usr/lib/x86_64-linux-gnu/librt-2.31.so
7f2c407fe000-7f2c407ff000 r--p 00007000 08:01 40938                      /usr/lib/x86_64-linux-gnu/librt-2.31.so
7f2c407ff000-7f2c40800000 ---p 00008000 08:01 40938                      /usr/lib/x86_64-linux-gnu/librt-2.31.so
7f2c40800000-7f2c40801000 r--p 00008000 08:01 40938                      /usr/lib/x86_64-linux-gnu/librt-2.31.so
7f2c40801000-7f2c40802000 rw-p 00009000 08:01 40938                      /usr/lib/x86_64-linux-gnu/librt-2.31.so
7f2c40802000-7f2c40803000 ---p 00000000 00:00 0 
7f2c40803000-7f2c40806000 ---p 00000000 00:00 0 
7f2c40806000-7f2c40903000 rw-p 00000000 00:00 0 
7f2c40903000-7f2c40906000 r--p 00000000 08:01 40919                      /usr/lib/x86_64-linux-gnu/libgcc_s.so.1
7f2c40906000-7f2c40918000 r-xp 00003000 08:01 40919                      /usr/lib/x86_64-linux-gnu/libgcc_s.so.1
7f2c40918000-7f2c4091c000 r--p 00015000 08:01 40919                      /usr/lib/x86_64-linux-gnu/libgcc_s.so.1
7f2c4091c000-7f2c4091d000 r--p 00018000 08:01 40919                      /usr/lib/x86_64-linux-gnu/libgcc_s.so.1
7f2c4091d000-7f2c4091e000 rw-p 00019000 08:01 40919                      /usr/lib/x86_64-linux-gnu/libgcc_s.so.1
7f2c4091e000-7f2c4092d000 r--p 00000000 08:01 40925                      /usr/lib/x86_64-linux-gnu/libm-2.31.so
7f2c4092d000-7f2c409d4000 r-xp 0000f000 08:01 40925                      /usr/lib/x86_64-linux-gnu/libm-2.31.so
7f2c409d4000-7f2c40a6b000 r--p 000b6000 08:01 40925                      /usr/lib/x86_64-linux-gnu/libm-2.31.so
7f2c40a6b000-7f2c40a6c000 r--p 0014c000 08:01 40925                      /usr/lib/x86_64-linux-gnu/libm-2.31.so
7f2c40a6c000-7f2c40a6d000 rw-p 0014d000 08:01 40925                      /usr/lib/x86_64-linux-gnu/libm-2.31.so
7f2c40a6d000-7f2c40b03000 r--p 00000000 08:01 40913                      /usr/lib/x86_64-linux-gnu/libstdc++.so.6.0.28
7f2c40b03000-7f2c40bf4000 r-xp 00096000 08:01 40913                      /usr/lib/x86_64-linux-gnu/libstdc++.so.6.0.28
7f2c40bf4000-7f2c40c3d000 r--p 00187000 08:01 40913                      /usr/lib/x86_64-linux-gnu/libstdc++.so.6.0.28
7f2c40c3d000-7f2c40c3e000 ---p 001d0000 08:01 40913                      /usr/lib/x86_64-linux-gnu/libstdc++.so.6.0.28
7f2c40c3e000-7f2c40c49000 r--p 001d0000 08:01 40913                      /usr/lib/x86_64-linux-gnu/libstdc++.so.6.0.28
7f2c40c49000-7f2c40c4c000 rw-p 001db000 08:01 40913                      /usr/lib/x86_64-linux-gnu/libstdc++.so.6.0.28
7f2c40c4c000-7f2c40c4f000 rw-p 00000000 00:00 0 
7f2c40c4f000-7f2c40e44000 r--p 00000000 08:01 396915                     /usr/lib/jvm/java-8-openjdk-amd64/jre/lib/amd64/server/libjvm.so
7f2c40e44000-7f2c417ac000 r-xp 001f5000 08:01 396915                     /usr/lib/jvm/java-8-openjdk-amd64/jre/lib/amd64/server/libjvm.so
7f2c417ac000-7f2c4195d000 r--p 00b5d000 08:01 396915                     /usr/lib/jvm/java-8-openjdk-amd64/jre/lib/amd64/server/libjvm.so
7f2c4195d000-7f2c4195e000 ---p 00d0e000 08:01 396915                     /usr/lib/jvm/java-8-openjdk-amd64/jre/lib/amd64/server/libjvm.so
7f2c4195e000-7f2c419f4000 r--p 00d0e000 08:01 396915                     /usr/lib/jvm/java-8-openjdk-amd64/jre/lib/amd64/server/libjvm.so
7f2c419f4000-7f2c41a1d000 rw-p 00da4000 08:01 396915                     /usr/lib/jvm/java-8-openjdk-amd64/jre/lib/amd64/server/libjvm.so
7f2c41a1d000-7f2c41a52000 rw-p 00000000 00:00 0 
7f2c41a52000-7f2c41a59000 r--p 00000000 08:01 40936                      /usr/lib/x86_64-linux-gnu/libpthread-2.31.so
7f2c41a59000-7f2c41a6a000 r-xp 00007000 08:01 40936                      /usr/lib/x86_64-linux-gnu/libpthread-2.31.so
7f2c41a6a000-7f2c41a6f000 r--p 00018000 08:01 40936                      /usr/lib/x86_64-linux-gnu/libpthread-2.31.so
7f2c41a6f000-7f2c41a70000 r--p 0001c000 08:01 40936                      /usr/lib/x86_64-linux-gnu/libpthread-2.31.so
7f2c41a70000-7f2c41a71000 rw-p 0001d000 08:01 40936                      /usr/lib/x86_64-linux-gnu/libpthread-2.31.so
7f2c41a71000-7f2c41a75000 rw-p 00000000 00:00 0 
7f2c41a75000-7f2c41a76000 r--p 00000000 08:01 40924                      /usr/lib/x86_64-linux-gnu/libdl-2.31.so
7f2c41a76000-7f2c41a78000 r-xp 00001000 08:01 40924                      /usr/lib/x86_64-linux-gnu/libdl-2.31.so
7f2c41a78000-7f2c41a79000 r--p 00003000 08:01 40924                      /usr/lib/x86_64-linux-gnu/libdl-2.31.so
7f2c41a79000-7f2c41a7a000 r--p 00003000 08:01 40924                      /usr/lib/x86_64-linux-gnu/libdl-2.31.so
7f2c41a7a000-7f2c41a7b000 rw-p 00004000 08:01 40924                      /usr/lib/x86_64-linux-gnu/libdl-2.31.so
7f2c41a7b000-7f2c41a7d000 r--p 00000000 08:01 892                        /usr/lib/x86_64-linux-gnu/libz.so.1.2.11
7f2c41a7d000-7f2c41a8e000 r-xp 00002000 08:01 892                        /usr/lib/x86_64-linux-gnu/libz.so.1.2.11
7f2c41a8e000-7f2c41a94000 r--p 00013000 08:01 892                        /usr/lib/x86_64-linux-gnu/libz.so.1.2.11
7f2c41a94000-7f2c41a95000 ---p 00019000 08:01 892                        /usr/lib/x86_64-linux-gnu/libz.so.1.2.11
7f2c41a95000-7f2c41a96000 r--p 00019000 08:01 892                        /usr/lib/x86_64-linux-gnu/libz.so.1.2.11
7f2c41a96000-7f2c41a97000 rw-p 0001a000 08:01 892                        /usr/lib/x86_64-linux-gnu/libz.so.1.2.11
7f2c41a97000-7f2c41abc000 r--p 00000000 08:01 40912                      /usr/lib/x86_64-linux-gnu/libc-2.31.so
7f2c41abc000-7f2c41c34000 r-xp 00025000 08:01 40912                      /usr/lib/x86_64-linux-gnu/libc-2.31.so
7f2c41c34000-7f2c41c7e000 r--p 0019d000 08:01 40912                      /usr/lib/x86_64-linux-gnu/libc-2.31.so
7f2c41c7e000-7f2c41c7f000 ---p 001e7000 08:01 40912                      /usr/lib/x86_64-linux-gnu/libc-2.31.so
7f2c41c7f000-7f2c41c82000 r--p 001e7000 08:01 40912                      /usr/lib/x86_64-linux-gnu/libc-2.31.so
7f2c41c82000-7f2c41c85000 rw-p 001ea000 08:01 40912                      /usr/lib/x86_64-linux-gnu/libc-2.31.so
7f2c41c85000-7f2c41c89000 rw-p 00000000 00:00 0 
7f2c41c8f000-7f2c41c90000 rw-p 00000000 00:00 0 
7f2c41c90000-7f2c41c93000 r--p 00000000 08:01 396879                     /usr/lib/jvm/java-8-openjdk-amd64/jre/lib/amd64/jli/libjli.so
7f2c41c93000-7f2c41c9d000 r-xp 00003000 08:01 396879                     /usr/lib/jvm/java-8-openjdk-amd64/jre/lib/amd64/jli/libjli.so
7f2c41c9d000-7f2c41ca0000 r--p 0000d000 08:01 396879                     /usr/lib/jvm/java-8-openjdk-amd64/jre/lib/amd64/jli/libjli.so
7f2c41ca0000-7f2c41ca1000 r--p 0000f000 08:01 396879                     /usr/lib/jvm/java-8-openjdk-amd64/jre/lib/amd64/jli/libjli.so
7f2c41ca1000-7f2c41ca2000 rw-p 00010000 08:01 396879                     /usr/lib/jvm/java-8-openjdk-amd64/jre/lib/amd64/jli/libjli.so
7f2c41ca2000-7f2c41ca4000 rw-p 00000000 00:00 0 
7f2c41ca4000-7f2c41ca5000 r--p 00000000 08:01 11172                      /usr/lib/x86_64-linux-gnu/ld-2.31.so
7f2c41ca5000-7f2c41cc8000 r-xp 00001000 08:01 11172                      /usr/lib/x86_64-linux-gnu/ld-2.31.so
7f2c41cc8000-7f2c41cd0000 r--p 00024000 08:01 11172                      /usr/lib/x86_64-linux-gnu/ld-2.31.so
7f2c41cd0000-7f2c41cd1000 r--p 00000000 00:00 0 
7f2c41cd1000-7f2c41cd2000 r--p 0002c000 08:01 11172                      /usr/lib/x86_64-linux-gnu/ld-2.31.so
7f2c41cd2000-7f2c41cd3000 rw-p 0002d000 08:01 11172                      /usr/lib/x86_64-linux-gnu/ld-2.31.so
7f2c41cd3000-7f2c41cd4000 rw-p 00000000 00:00 0 
7ffc2f039000-7ffc2f05a000 rw-p 00000000 00:00 0                          [stack]
7ffc2f128000-7ffc2f12b000 r--p 00000000 00:00 0                          [vvar]
7ffc2f12b000-7ffc2f12c000 r-xp 00000000 00:00 0                          [vdso]
ffffffffff600000-ffffffffff601000 --xp 00000000 00:00 0                  [vsyscall]

VM Arguments:
jvm_args: -Xmx8G -Xms6G 
java_command: /root/minecraft-2021-server/minecraft/forge-1.12.2-14.23.5.2855.jar
java_class_path (initial): /root/minecraft-2021-server/minecraft/forge-1.12.2-14.23.5.2855.jar
Launcher Type: SUN_STANDARD

Environment Variables:
PATH=/usr/local/sbin:/usr/local/bin:/usr/sbin:/usr/bin:/sbin:/bin
SHELL=/bin/sh

Signal Handlers:
SIGSEGV: [libjvm.so+0xb365d0], sa_mask[0]=11111111011111111101111111111110, sa_flags=SA_RESTART|SA_SIGINFO
SIGBUS: [libjvm.so+0xb365d0], sa_mask[0]=11111111011111111101111111111110, sa_flags=SA_RESTART|SA_SIGINFO
SIGFPE: [libjvm.so+0x97b8c0], sa_mask[0]=11111111011111111101111111111110, sa_flags=SA_RESTART|SA_SIGINFO
SIGPIPE: [libjvm.so+0x97b8c0], sa_mask[0]=11111111011111111101111111111110, sa_flags=SA_RESTART|SA_SIGINFO
SIGXFSZ: [libjvm.so+0x97b8c0], sa_mask[0]=11111111011111111101111111111110, sa_flags=SA_RESTART|SA_SIGINFO
SIGILL: [libjvm.so+0x97b8c0], sa_mask[0]=11111111011111111101111111111110, sa_flags=SA_RESTART|SA_SIGINFO
SIGUSR1: SIG_DFL, sa_mask[0]=00000000000000000000000000000000, sa_flags=none
SIGUSR2: [libjvm.so+0x97b770], sa_mask[0]=00000000000000000000000000000000, sa_flags=SA_RESTART|SA_SIGINFO
SIGHUP: SIG_DFL, sa_mask[0]=00000000000000000000000000000000, sa_flags=none
SIGINT: SIG_DFL, sa_mask[0]=00000000000000000000000000000000, sa_flags=none
SIGTERM: SIG_DFL, sa_mask[0]=00000000000000000000000000000000, sa_flags=none
SIGQUIT: SIG_DFL, sa_mask[0]=00000000000000000000000000000000, sa_flags=none


---------------  S Y S T E M  ---------------

OS:DISTRIB_ID=Ubuntu
DISTRIB_RELEASE=20.04
DISTRIB_CODENAME=focal
DISTRIB_DESCRIPTION="Ubuntu 20.04.2 LTS"

uname:Linux 5.4.0-77-generic #86-Ubuntu SMP Thu Jun 17 02:35:03 UTC 2021 x86_64
libc:glibc 2.31 NPTL 2.31 
rlimit: STACK 8192k, CORE 0k, NPROC 15221, NOFILE 524288, AS infinity
load average:0.00 0.00 0.00

/proc/meminfo:
MemTotal:        3932028 kB
MemFree:          801492 kB
MemAvailable:    2794820 kB
Buffers:           76904 kB
Cached:           585216 kB
SwapCached:            0 kB
Active:           370252 kB
Inactive:         338324 kB
Active(anon):      46848 kB
Inactive(anon):      284 kB
Active(file):     323404 kB
Inactive(file):   338040 kB
Unevictable:           0 kB
Mlocked:               0 kB
SwapTotal:             0 kB
SwapFree:              0 kB
Dirty:               504 kB
Writeback:             0 kB
AnonPages:         46760 kB
Mapped:           261512 kB
Shmem:               680 kB
KReclaimable:    1620744 kB
Slab:            2200672 kB
SReclaimable:    1620744 kB
SUnreclaim:       579928 kB
KernelStack:        1984 kB
PageTables:         2492 kB
NFS_Unstable:          0 kB
Bounce:                0 kB
WritebackTmp:          0 kB
CommitLimit:     1966012 kB
Committed_AS:    2297396 kB
VmallocTotal:   34359738367 kB
VmallocUsed:       11752 kB
VmallocChunk:          0 kB
Percpu:           257744 kB
HardwareCorrupted:     0 kB
AnonHugePages:         0 kB
ShmemHugePages:        0 kB
ShmemPmdMapped:        0 kB
FileHugePages:         0 kB
FilePmdMapped:         0 kB
CmaTotal:              0 kB
CmaFree:               0 kB
HugePages_Total:       0
HugePages_Free:        0
HugePages_Rsvd:        0
HugePages_Surp:        0
Hugepagesize:       2048 kB
Hugetlb:               0 kB
DirectMap4k:     1179504 kB
DirectMap2M:     2916352 kB
DirectMap1G:           0 kB

container (cgroup) information:
container_type: cgroupv1
cpu_cpuset_cpus: 0-2
cpu_memory_nodes: 0
active_processor_count: 3
cpu_quota: -1
cpu_period: 100000
cpu_shares: -1
memory_limit_in_bytes: -1
memory_and_swap_limit_in_bytes: -2
memory_soft_limit_in_bytes: -1
memory_usage_in_bytes: 6254592
memory_max_usage_in_bytes: 6254592


CPU:total 3 (initial active 3) (3 cores per cpu, 1 threads per core) family 23 model 49 stepping 0, cmov, cx8, fxsr, mmx, sse, sse2, sse3, ssse3, sse4.1, sse4.2, popcnt, avx, avx2, aes, clmul, mmxext, 3dnowpref, lzcnt, sse4a, tsc, bmi1

/proc/cpuinfo:
processor	: 0
vendor_id	: AuthenticAMD
cpu family	: 23
model		: 49
model name	: AMD EPYC Processor
stepping	: 0
microcode	: 0x1000065
cpu MHz		: 2495.310
cache size	: 512 KB
physical id	: 0
siblings	: 3
core id		: 0
cpu cores	: 3
apicid		: 0
initial apicid	: 0
fpu		: yes
fpu_exception	: yes
cpuid level	: 13
wp		: yes
flags		: fpu vme de pse tsc msr pae mce cx8 apic sep mtrr pge mca cmov pat pse36 clflush mmx fxsr sse sse2 ht syscall nx mmxext fxsr_opt pdpe1gb rdtscp lm rep_good nopl cpuid extd_apicid tsc_known_freq pni pclmulqdq ssse3 fma cx16 sse4_1 sse4_2 x2apic movbe popcnt aes xsave avx f16c rdrand hypervisor lahf_lm cmp_legacy cr8_legacy abm sse4a misalignsse 3dnowprefetch osvw topoext perfctr_core ssbd ibrs ibpb stibp vmmcall fsgsbase bmi1 avx2 smep bmi2 rdseed adx smap clflushopt clwb sha_ni xsaveopt xsavec xgetbv1 xsaves clzero xsaveerptr wbnoinvd arat umip rdpid arch_capabilities
bugs		: sysret_ss_attrs spectre_v1 spectre_v2 spec_store_bypass
bogomips	: 4990.62
TLB size	: 1024 4K pages
clflush size	: 64
cache_alignment	: 64
address sizes	: 40 bits physical, 48 bits virtual
power management:

processor	: 1
vendor_id	: AuthenticAMD
cpu family	: 23
model		: 49
model name	: AMD EPYC Processor
stepping	: 0
microcode	: 0x1000065
cpu MHz		: 2495.310
cache size	: 512 KB
physical id	: 0
siblings	: 3
core id		: 1
cpu cores	: 3
apicid		: 1
initial apicid	: 1
fpu		: yes
fpu_exception	: yes
cpuid level	: 13
wp		: yes
flags		: fpu vme de pse tsc msr pae mce cx8 apic sep mtrr pge mca cmov pat pse36 clflush mmx fxsr sse sse2 ht syscall nx mmxext fxsr_opt pdpe1gb rdtscp lm rep_good nopl cpuid extd_apicid tsc_known_freq pni pclmulqdq ssse3 fma cx16 sse4_1 sse4_2 x2apic movbe popcnt aes xsave avx f16c rdrand hypervisor lahf_lm cmp_legacy cr8_legacy abm sse4a misalignsse 3dnowprefetch osvw topoext perfctr_core ssbd ibrs ibpb stibp vmmcall fsgsbase bmi1 avx2 smep bmi2 rdseed adx smap clflushopt clwb sha_ni xsaveopt xsavec xgetbv1 xsaves clzero xsaveerptr wbnoinvd arat umip rdpid arch_capabilities
bugs		: sysret_ss_attrs spectre_v1 spectre_v2 spec_store_bypass
bogomips	: 4990.62
TLB size	: 1024 4K pages
clflush size	: 64
cache_alignment	: 64
address sizes	: 40 bits physical, 48 bits virtual
power management:

processor	: 2
vendor_id	: AuthenticAMD
cpu family	: 23
model		: 49
model name	: AMD EPYC Processor
stepping	: 0
microcode	: 0x1000065
cpu MHz		: 2495.310
cache size	: 512 KB
physical id	: 0
siblings	: 3
core id		: 2
cpu cores	: 3
apicid		: 2
initial apicid	: 2
fpu		: yes
fpu_exception	: yes
cpuid level	: 13
wp		: yes
flags		: fpu vme de pse tsc msr pae mce cx8 apic sep mtrr pge mca cmov pat pse36 clflush mmx fxsr sse sse2 ht syscall nx mmxext fxsr_opt pdpe1gb rdtscp lm rep_good nopl cpuid extd_apicid tsc_known_freq pni pclmulqdq ssse3 fma cx16 sse4_1 sse4_2 x2apic movbe popcnt aes xsave avx f16c rdrand hypervisor lahf_lm cmp_legacy cr8_legacy abm sse4a misalignsse 3dnowprefetch osvw topoext perfctr_core ssbd ibrs ibpb stibp vmmcall fsgsbase bmi1 avx2 smep bmi2 rdseed adx smap clflushopt clwb sha_ni xsaveopt xsavec xgetbv1 xsaves clzero xsaveerptr wbnoinvd arat umip rdpid arch_capabilities
bugs		: sysret_ss_attrs spectre_v1 spectre_v2 spec_store_bypass
bogomips	: 4990.62
TLB size	: 1024 4K pages
clflush size	: 64
cache_alignment	: 64
address sizes	: 40 bits physical, 48 bits virtual
power management:



Memory: 4k page, physical 3932028k(801236k free), swap 0k(0k free)

vm_info: OpenJDK 64-Bit Server VM (25.292-b10) for linux-amd64 JRE (1.8.0_292-8u292-b10-0ubuntu1~20.04-b10), built on Apr 21 2021 11:46:09 by "buildd" with gcc 9.3.0

time: Sat Aug  7 08:59:02 2021
timezone: CEST
elapsed time: 0.009091 seconds (0d 0h 0m 0s)

