#
# There is insufficient memory for the Java Runtime Environment to continue.
# Native memory allocation (mmap) failed to map 4294967296 bytes for committing reserved memory.
# Possible reasons:
#   The system is out of physical RAM or swap space
#   The process is running with CompressedOops enabled, and the Java Heap may be blocking the growth of the native heap
# Possible solutions:
#   Reduce memory load on the system
#   Increase physical memory or swap space
#   Check if swap backing store is full
#   Decrease Java heap size (-Xmx/-Xms)
#   Decrease number of Java threads
#   Decrease Java thread stack sizes (-Xss)
#   Set larger code cache with -XX:ReservedCodeCacheSize=
# This output file may be truncated or incomplete.
#
#  Out of Memory Error (os_linux.cpp:2798), pid=853289, tid=0x00007fccbb315700
#
# JRE version:  (8.0_292-b10) (build )
# Java VM: OpenJDK 64-Bit Server VM (25.292-b10 mixed mode linux-amd64 compressed oops)
# Failed to write core dump. Core dumps have been disabled. To enable core dumping, try "ulimit -c unlimited" before starting Java again
#

---------------  T H R E A D  ---------------

Current thread (0x00007fccb400a800):  JavaThread "Unknown thread" [_thread_in_vm, id=853292, stack(0x00007fccbb216000,0x00007fccbb316000)]

Stack: [0x00007fccbb216000,0x00007fccbb316000],  sp=0x00007fccbb3145b0,  free space=1017k
Native frames: (J=compiled Java code, j=interpreted, Vv=VM code, C=native code)
V  [libjvm.so+0xb35bb3]
V  [libjvm.so+0x4ec1e1]
V  [libjvm.so+0x9803cf]
V  [libjvm.so+0x977a52]
V  [libjvm.so+0x9f3dcb]
V  [libjvm.so+0x9e557c]
V  [libjvm.so+0x2cb8aa]
V  [libjvm.so+0x9a600a]
V  [libjvm.so+0xaf84ba]
V  [libjvm.so+0xaf8749]
V  [libjvm.so+0x641594]
V  [libjvm.so+0xad8190]
V  [libjvm.so+0x727d03]  JNI_CreateJavaVM+0x63
C  [libjli.so+0x442a]
C  [libjli.so+0x8dc1]
C  [libpthread.so.0+0x9609]  start_thread+0xd9


---------------  P R O C E S S  ---------------

Java Threads: ( => current thread )

Other Threads:

=>0x00007fccb400a800 (exited) JavaThread "Unknown thread" [_thread_in_vm, id=853292, stack(0x00007fccbb216000,0x00007fccbb316000)]

VM state:not at safepoint (not fully initialized)

VM Mutex/Monitor currently owned by a thread: None

heap address: 0x00000005c0000000, size: 8192 MB, Compressed Oops mode: Non-zero based:0x00000005bffff000, Oop shift amount: 3
Narrow klass base: 0x0000000000000000, Narrow klass shift: 0

GC Heap History (0 events):
No events

Deoptimization events (0 events):
No events

Classes redefined (0 events):
No events

Internal exceptions (0 events):
No events

Events (0 events):
No events


Dynamic libraries:
6c0000000-715580000 ---p 00000000 00:00 0 
715580000-795580000 rw-p 00000000 00:00 0 
795580000-7c0000000 ---p 00000000 00:00 0 
563e8ff85000-563e8ff86000 r--p 00000000 08:01 396866                     /usr/lib/jvm/java-8-openjdk-amd64/jre/bin/java
563e8ff86000-563e8ff87000 r-xp 00001000 08:01 396866                     /usr/lib/jvm/java-8-openjdk-amd64/jre/bin/java
563e8ff87000-563e8ff88000 r--p 00002000 08:01 396866                     /usr/lib/jvm/java-8-openjdk-amd64/jre/bin/java
563e8ff88000-563e8ff89000 r--p 00002000 08:01 396866                     /usr/lib/jvm/java-8-openjdk-amd64/jre/bin/java
563e8ff89000-563e8ff8a000 rw-p 00003000 08:01 396866                     /usr/lib/jvm/java-8-openjdk-amd64/jre/bin/java
563e9000e000-563e9002f000 rw-p 00000000 00:00 0                          [heap]
7fcca5000000-7fcca5270000 rwxp 00000000 00:00 0 
7fcca5270000-7fccb4000000 ---p 00000000 00:00 0 
7fccb4000000-7fccb4031000 rw-p 00000000 00:00 0 
7fccb4031000-7fccb8000000 ---p 00000000 00:00 0 
7fccb9dd8000-7fccba882000 ---p 00000000 00:00 0 
7fccba882000-7fccbac83000 rw-p 00000000 00:00 0 
7fccbac83000-7fccbadd8000 ---p 00000000 00:00 0 
7fccbadd8000-7fccbade3000 rw-p 00000000 00:00 0 
7fccbade3000-7fccbb199000 ---p 00000000 00:00 0 
7fccbb199000-7fccbb19c000 r--p 00000000 08:01 396912                     /usr/lib/jvm/java-8-openjdk-amd64/jre/lib/amd64/libzip.so
7fccbb19c000-7fccbb1a1000 r-xp 00003000 08:01 396912                     /usr/lib/jvm/java-8-openjdk-amd64/jre/lib/amd64/libzip.so
7fccbb1a1000-7fccbb1a3000 r--p 00008000 08:01 396912                     /usr/lib/jvm/java-8-openjdk-amd64/jre/lib/amd64/libzip.so
7fccbb1a3000-7fccbb1a4000 r--p 00009000 08:01 396912                     /usr/lib/jvm/java-8-openjdk-amd64/jre/lib/amd64/libzip.so
7fccbb1a4000-7fccbb1a5000 rw-p 0000a000 08:01 396912                     /usr/lib/jvm/java-8-openjdk-amd64/jre/lib/amd64/libzip.so
7fccbb1a5000-7fccbb1ad000 rw-s 00000000 08:01 652806                     /tmp/hsperfdata_root/853289
7fccbb1ad000-7fccbb1b0000 r--p 00000000 08:01 40931                      /usr/lib/x86_64-linux-gnu/libnss_files-2.31.so
7fccbb1b0000-7fccbb1b7000 r-xp 00003000 08:01 40931                      /usr/lib/x86_64-linux-gnu/libnss_files-2.31.so
7fccbb1b7000-7fccbb1b9000 r--p 0000a000 08:01 40931                      /usr/lib/x86_64-linux-gnu/libnss_files-2.31.so
7fccbb1b9000-7fccbb1ba000 r--p 0000b000 08:01 40931                      /usr/lib/x86_64-linux-gnu/libnss_files-2.31.so
7fccbb1ba000-7fccbb1bb000 rw-p 0000c000 08:01 40931                      /usr/lib/x86_64-linux-gnu/libnss_files-2.31.so
7fccbb1bb000-7fccbb1c1000 rw-p 00000000 00:00 0 
7fccbb1c8000-7fccbb1d5000 r--p 00000000 08:01 396893                     /usr/lib/jvm/java-8-openjdk-amd64/jre/lib/amd64/libjava.so
7fccbb1d5000-7fccbb1ed000 r-xp 0000d000 08:01 396893                     /usr/lib/jvm/java-8-openjdk-amd64/jre/lib/amd64/libjava.so
7fccbb1ed000-7fccbb1f4000 r--p 00025000 08:01 396893                     /usr/lib/jvm/java-8-openjdk-amd64/jre/lib/amd64/libjava.so
7fccbb1f4000-7fccbb1f5000 r--p 0002b000 08:01 396893                     /usr/lib/jvm/java-8-openjdk-amd64/jre/lib/amd64/libjava.so
7fccbb1f5000-7fccbb1f7000 rw-p 0002c000 08:01 396893                     /usr/lib/jvm/java-8-openjdk-amd64/jre/lib/amd64/libjava.so
7fccbb1f7000-7fccbb1fc000 r--p 00000000 08:01 396911                     /usr/lib/jvm/java-8-openjdk-amd64/jre/lib/amd64/libverify.so
7fccbb1fc000-7fccbb205000 r-xp 00005000 08:01 396911                     /usr/lib/jvm/java-8-openjdk-amd64/jre/lib/amd64/libverify.so
7fccbb205000-7fccbb207000 r--p 0000e000 08:01 396911                     /usr/lib/jvm/java-8-openjdk-amd64/jre/lib/amd64/libverify.so
7fccbb207000-7fccbb209000 r--p 0000f000 08:01 396911                     /usr/lib/jvm/java-8-openjdk-amd64/jre/lib/amd64/libverify.so
7fccbb209000-7fccbb20a000 rw-p 00011000 08:01 396911                     /usr/lib/jvm/java-8-openjdk-amd64/jre/lib/amd64/libverify.so
7fccbb20a000-7fccbb20d000 r--p 00000000 08:01 40938                      /usr/lib/x86_64-linux-gnu/librt-2.31.so
7fccbb20d000-7fccbb211000 r-xp 00003000 08:01 40938                      /usr/lib/x86_64-linux-gnu/librt-2.31.so
7fccbb211000-7fccbb212000 r--p 00007000 08:01 40938                      /usr/lib/x86_64-linux-gnu/librt-2.31.so
7fccbb212000-7fccbb213000 ---p 00008000 08:01 40938                      /usr/lib/x86_64-linux-gnu/librt-2.31.so
7fccbb213000-7fccbb214000 r--p 00008000 08:01 40938                      /usr/lib/x86_64-linux-gnu/librt-2.31.so
7fccbb214000-7fccbb215000 rw-p 00009000 08:01 40938                      /usr/lib/x86_64-linux-gnu/librt-2.31.so
7fccbb215000-7fccbb216000 ---p 00000000 00:00 0 
7fccbb216000-7fccbb219000 ---p 00000000 00:00 0 
7fccbb219000-7fccbb316000 rw-p 00000000 00:00 0 
7fccbb316000-7fccbb319000 r--p 00000000 08:01 40919                      /usr/lib/x86_64-linux-gnu/libgcc_s.so.1
7fccbb319000-7fccbb32b000 r-xp 00003000 08:01 40919                      /usr/lib/x86_64-linux-gnu/libgcc_s.so.1
7fccbb32b000-7fccbb32f000 r--p 00015000 08:01 40919                      /usr/lib/x86_64-linux-gnu/libgcc_s.so.1
7fccbb32f000-7fccbb330000 r--p 00018000 08:01 40919                      /usr/lib/x86_64-linux-gnu/libgcc_s.so.1
7fccbb330000-7fccbb331000 rw-p 00019000 08:01 40919                      /usr/lib/x86_64-linux-gnu/libgcc_s.so.1
7fccbb331000-7fccbb340000 r--p 00000000 08:01 40925                      /usr/lib/x86_64-linux-gnu/libm-2.31.so
7fccbb340000-7fccbb3e7000 r-xp 0000f000 08:01 40925                      /usr/lib/x86_64-linux-gnu/libm-2.31.so
7fccbb3e7000-7fccbb47e000 r--p 000b6000 08:01 40925                      /usr/lib/x86_64-linux-gnu/libm-2.31.so
7fccbb47e000-7fccbb47f000 r--p 0014c000 08:01 40925                      /usr/lib/x86_64-linux-gnu/libm-2.31.so
7fccbb47f000-7fccbb480000 rw-p 0014d000 08:01 40925                      /usr/lib/x86_64-linux-gnu/libm-2.31.so
7fccbb480000-7fccbb516000 r--p 00000000 08:01 40913                      /usr/lib/x86_64-linux-gnu/libstdc++.so.6.0.28
7fccbb516000-7fccbb607000 r-xp 00096000 08:01 40913                      /usr/lib/x86_64-linux-gnu/libstdc++.so.6.0.28
7fccbb607000-7fccbb650000 r--p 00187000 08:01 40913                      /usr/lib/x86_64-linux-gnu/libstdc++.so.6.0.28
7fccbb650000-7fccbb651000 ---p 001d0000 08:01 40913                      /usr/lib/x86_64-linux-gnu/libstdc++.so.6.0.28
7fccbb651000-7fccbb65c000 r--p 001d0000 08:01 40913                      /usr/lib/x86_64-linux-gnu/libstdc++.so.6.0.28
7fccbb65c000-7fccbb65f000 rw-p 001db000 08:01 40913                      /usr/lib/x86_64-linux-gnu/libstdc++.so.6.0.28
7fccbb65f000-7fccbb662000 rw-p 00000000 00:00 0 
7fccbb662000-7fccbb857000 r--p 00000000 08:01 396915                     /usr/lib/jvm/java-8-openjdk-amd64/jre/lib/amd64/server/libjvm.so
7fccbb857000-7fccbc1bf000 r-xp 001f5000 08:01 396915                     /usr/lib/jvm/java-8-openjdk-amd64/jre/lib/amd64/server/libjvm.so
7fccbc1bf000-7fccbc370000 r--p 00b5d000 08:01 396915                     /usr/lib/jvm/java-8-openjdk-amd64/jre/lib/amd64/server/libjvm.so
7fccbc370000-7fccbc371000 ---p 00d0e000 08:01 396915                     /usr/lib/jvm/java-8-openjdk-amd64/jre/lib/amd64/server/libjvm.so
7fccbc371000-7fccbc407000 r--p 00d0e000 08:01 396915                     /usr/lib/jvm/java-8-openjdk-amd64/jre/lib/amd64/server/libjvm.so
7fccbc407000-7fccbc430000 rw-p 00da4000 08:01 396915                     /usr/lib/jvm/java-8-openjdk-amd64/jre/lib/amd64/server/libjvm.so
7fccbc430000-7fccbc465000 rw-p 00000000 00:00 0 
7fccbc465000-7fccbc46c000 r--p 00000000 08:01 40936                      /usr/lib/x86_64-linux-gnu/libpthread-2.31.so
7fccbc46c000-7fccbc47d000 r-xp 00007000 08:01 40936                      /usr/lib/x86_64-linux-gnu/libpthread-2.31.so
7fccbc47d000-7fccbc482000 r--p 00018000 08:01 40936                      /usr/lib/x86_64-linux-gnu/libpthread-2.31.so
7fccbc482000-7fccbc483000 r--p 0001c000 08:01 40936                      /usr/lib/x86_64-linux-gnu/libpthread-2.31.so
7fccbc483000-7fccbc484000 rw-p 0001d000 08:01 40936                      /usr/lib/x86_64-linux-gnu/libpthread-2.31.so
7fccbc484000-7fccbc488000 rw-p 00000000 00:00 0 
7fccbc488000-7fccbc489000 r--p 00000000 08:01 40924                      /usr/lib/x86_64-linux-gnu/libdl-2.31.so
7fccbc489000-7fccbc48b000 r-xp 00001000 08:01 40924                      /usr/lib/x86_64-linux-gnu/libdl-2.31.so
7fccbc48b000-7fccbc48c000 r--p 00003000 08:01 40924                      /usr/lib/x86_64-linux-gnu/libdl-2.31.so
7fccbc48c000-7fccbc48d000 r--p 00003000 08:01 40924                      /usr/lib/x86_64-linux-gnu/libdl-2.31.so
7fccbc48d000-7fccbc48e000 rw-p 00004000 08:01 40924                      /usr/lib/x86_64-linux-gnu/libdl-2.31.so
7fccbc48e000-7fccbc490000 r--p 00000000 08:01 892                        /usr/lib/x86_64-linux-gnu/libz.so.1.2.11
7fccbc490000-7fccbc4a1000 r-xp 00002000 08:01 892                        /usr/lib/x86_64-linux-gnu/libz.so.1.2.11
7fccbc4a1000-7fccbc4a7000 r--p 00013000 08:01 892                        /usr/lib/x86_64-linux-gnu/libz.so.1.2.11
7fccbc4a7000-7fccbc4a8000 ---p 00019000 08:01 892                        /usr/lib/x86_64-linux-gnu/libz.so.1.2.11
7fccbc4a8000-7fccbc4a9000 r--p 00019000 08:01 892                        /usr/lib/x86_64-linux-gnu/libz.so.1.2.11
7fccbc4a9000-7fccbc4aa000 rw-p 0001a000 08:01 892                        /usr/lib/x86_64-linux-gnu/libz.so.1.2.11
7fccbc4aa000-7fccbc4cf000 r--p 00000000 08:01 40912                      /usr/lib/x86_64-linux-gnu/libc-2.31.so
7fccbc4cf000-7fccbc647000 r-xp 00025000 08:01 40912                      /usr/lib/x86_64-linux-gnu/libc-2.31.so
7fccbc647000-7fccbc691000 r--p 0019d000 08:01 40912                      /usr/lib/x86_64-linux-gnu/libc-2.31.so
7fccbc691000-7fccbc692000 ---p 001e7000 08:01 40912                      /usr/lib/x86_64-linux-gnu/libc-2.31.so
7fccbc692000-7fccbc695000 r--p 001e7000 08:01 40912                      /usr/lib/x86_64-linux-gnu/libc-2.31.so
7fccbc695000-7fccbc698000 rw-p 001ea000 08:01 40912                      /usr/lib/x86_64-linux-gnu/libc-2.31.so
7fccbc698000-7fccbc69c000 rw-p 00000000 00:00 0 
7fccbc6a2000-7fccbc6a3000 rw-p 00000000 00:00 0 
7fccbc6a3000-7fccbc6a6000 r--p 00000000 08:01 396879                     /usr/lib/jvm/java-8-openjdk-amd64/jre/lib/amd64/jli/libjli.so
7fccbc6a6000-7fccbc6b0000 r-xp 00003000 08:01 396879                     /usr/lib/jvm/java-8-openjdk-amd64/jre/lib/amd64/jli/libjli.so
7fccbc6b0000-7fccbc6b3000 r--p 0000d000 08:01 396879                     /usr/lib/jvm/java-8-openjdk-amd64/jre/lib/amd64/jli/libjli.so
7fccbc6b3000-7fccbc6b4000 r--p 0000f000 08:01 396879                     /usr/lib/jvm/java-8-openjdk-amd64/jre/lib/amd64/jli/libjli.so
7fccbc6b4000-7fccbc6b5000 rw-p 00010000 08:01 396879                     /usr/lib/jvm/java-8-openjdk-amd64/jre/lib/amd64/jli/libjli.so
7fccbc6b5000-7fccbc6b7000 rw-p 00000000 00:00 0 
7fccbc6b7000-7fccbc6b8000 r--p 00000000 08:01 11172                      /usr/lib/x86_64-linux-gnu/ld-2.31.so
7fccbc6b8000-7fccbc6db000 r-xp 00001000 08:01 11172                      /usr/lib/x86_64-linux-gnu/ld-2.31.so
7fccbc6db000-7fccbc6e3000 r--p 00024000 08:01 11172                      /usr/lib/x86_64-linux-gnu/ld-2.31.so
7fccbc6e3000-7fccbc6e4000 r--p 00000000 00:00 0 
7fccbc6e4000-7fccbc6e5000 r--p 0002c000 08:01 11172                      /usr/lib/x86_64-linux-gnu/ld-2.31.so
7fccbc6e5000-7fccbc6e6000 rw-p 0002d000 08:01 11172                      /usr/lib/x86_64-linux-gnu/ld-2.31.so
7fccbc6e6000-7fccbc6e7000 rw-p 00000000 00:00 0 
7fff8fb73000-7fff8fb94000 rw-p 00000000 00:00 0                          [stack]
7fff8fba4000-7fff8fba7000 r--p 00000000 00:00 0                          [vvar]
7fff8fba7000-7fff8fba8000 r-xp 00000000 00:00 0                          [vdso]
ffffffffff600000-ffffffffff601000 --xp 00000000 00:00 0                  [vsyscall]

VM Arguments:
jvm_args: -Xmx8G -Xms6G 
java_command: /root/minecraft-2021-server/minecraft/forge-1.12.2-14.23.5.2855.jar
java_class_path (initial): /root/minecraft-2021-server/minecraft/forge-1.12.2-14.23.5.2855.jar
Launcher Type: SUN_STANDARD

Environment Variables:
PATH=/usr/local/sbin:/usr/local/bin:/usr/sbin:/usr/bin:/sbin:/bin
SHELL=/bin/sh

Signal Handlers:
SIGSEGV: [libjvm.so+0xb365d0], sa_mask[0]=11111111011111111101111111111110, sa_flags=SA_RESTART|SA_SIGINFO
SIGBUS: [libjvm.so+0xb365d0], sa_mask[0]=11111111011111111101111111111110, sa_flags=SA_RESTART|SA_SIGINFO
SIGFPE: [libjvm.so+0x97b8c0], sa_mask[0]=11111111011111111101111111111110, sa_flags=SA_RESTART|SA_SIGINFO
SIGPIPE: [libjvm.so+0x97b8c0], sa_mask[0]=11111111011111111101111111111110, sa_flags=SA_RESTART|SA_SIGINFO
SIGXFSZ: [libjvm.so+0x97b8c0], sa_mask[0]=11111111011111111101111111111110, sa_flags=SA_RESTART|SA_SIGINFO
SIGILL: [libjvm.so+0x97b8c0], sa_mask[0]=11111111011111111101111111111110, sa_flags=SA_RESTART|SA_SIGINFO
SIGUSR1: SIG_DFL, sa_mask[0]=00000000000000000000000000000000, sa_flags=none
SIGUSR2: [libjvm.so+0x97b770], sa_mask[0]=00000000000000000000000000000000, sa_flags=SA_RESTART|SA_SIGINFO
SIGHUP: SIG_DFL, sa_mask[0]=00000000000000000000000000000000, sa_flags=none
SIGINT: SIG_DFL, sa_mask[0]=00000000000000000000000000000000, sa_flags=none
SIGTERM: SIG_DFL, sa_mask[0]=00000000000000000000000000000000, sa_flags=none
SIGQUIT: SIG_DFL, sa_mask[0]=00000000000000000000000000000000, sa_flags=none


---------------  S Y S T E M  ---------------

OS:DISTRIB_ID=Ubuntu
DISTRIB_RELEASE=20.04
DISTRIB_CODENAME=focal
DISTRIB_DESCRIPTION="Ubuntu 20.04.2 LTS"

uname:Linux 5.4.0-77-generic #86-Ubuntu SMP Thu Jun 17 02:35:03 UTC 2021 x86_64
libc:glibc 2.31 NPTL 2.31 
rlimit: STACK 8192k, CORE 0k, NPROC 15221, NOFILE 524288, AS infinity
load average:0.00 0.00 0.00

/proc/meminfo:
MemTotal:        3932028 kB
MemFree:          802560 kB
MemAvailable:    2821144 kB
Buffers:           76336 kB
Cached:           621488 kB
SwapCached:            0 kB
Active:           412396 kB
Inactive:         327456 kB
Active(anon):      42468 kB
Inactive(anon):      284 kB
Active(file):     369928 kB
Inactive(file):   327172 kB
Unevictable:           0 kB
Mlocked:               0 kB
SwapTotal:             0 kB
SwapFree:              0 kB
Dirty:               668 kB
Writeback:             0 kB
AnonPages:         42092 kB
Mapped:           230552 kB
Shmem:               680 kB
KReclaimable:    1610344 kB
Slab:            2169456 kB
SReclaimable:    1610344 kB
SUnreclaim:       559112 kB
KernelStack:        1824 kB
PageTables:         2128 kB
NFS_Unstable:          0 kB
Bounce:                0 kB
WritebackTmp:          0 kB
CommitLimit:     1966012 kB
Committed_AS:    2281936 kB
VmallocTotal:   34359738367 kB
VmallocUsed:       11576 kB
VmallocChunk:          0 kB
Percpu:           257744 kB
HardwareCorrupted:     0 kB
AnonHugePages:         0 kB
ShmemHugePages:        0 kB
ShmemPmdMapped:        0 kB
FileHugePages:         0 kB
FilePmdMapped:         0 kB
CmaTotal:              0 kB
CmaFree:               0 kB
HugePages_Total:       0
HugePages_Free:        0
HugePages_Rsvd:        0
HugePages_Surp:        0
Hugepagesize:       2048 kB
Hugetlb:               0 kB
DirectMap4k:     1189744 kB
DirectMap2M:     2906112 kB
DirectMap1G:           0 kB

container (cgroup) information:
container_type: cgroupv1
cpu_cpuset_cpus: 0-2
cpu_memory_nodes: 0
active_processor_count: 3
cpu_quota: -1
cpu_period: 100000
cpu_shares: -1
memory_limit_in_bytes: -1
memory_and_swap_limit_in_bytes: -2
memory_soft_limit_in_bytes: -1
memory_usage_in_bytes: 6299648
memory_max_usage_in_bytes: 6299648


CPU:total 3 (initial active 3) (3 cores per cpu, 1 threads per core) family 23 model 49 stepping 0, cmov, cx8, fxsr, mmx, sse, sse2, sse3, ssse3, sse4.1, sse4.2, popcnt, avx, avx2, aes, clmul, mmxext, 3dnowpref, lzcnt, sse4a, tsc, bmi1

/proc/cpuinfo:
processor	: 0
vendor_id	: AuthenticAMD
cpu family	: 23
model		: 49
model name	: AMD EPYC Processor
stepping	: 0
microcode	: 0x1000065
cpu MHz		: 2495.310
cache size	: 512 KB
physical id	: 0
siblings	: 3
core id		: 0
cpu cores	: 3
apicid		: 0
initial apicid	: 0
fpu		: yes
fpu_exception	: yes
cpuid level	: 13
wp		: yes
flags		: fpu vme de pse tsc msr pae mce cx8 apic sep mtrr pge mca cmov pat pse36 clflush mmx fxsr sse sse2 ht syscall nx mmxext fxsr_opt pdpe1gb rdtscp lm rep_good nopl cpuid extd_apicid tsc_known_freq pni pclmulqdq ssse3 fma cx16 sse4_1 sse4_2 x2apic movbe popcnt aes xsave avx f16c rdrand hypervisor lahf_lm cmp_legacy cr8_legacy abm sse4a misalignsse 3dnowprefetch osvw topoext perfctr_core ssbd ibrs ibpb stibp vmmcall fsgsbase bmi1 avx2 smep bmi2 rdseed adx smap clflushopt clwb sha_ni xsaveopt xsavec xgetbv1 xsaves clzero xsaveerptr wbnoinvd arat umip rdpid arch_capabilities
bugs		: sysret_ss_attrs spectre_v1 spectre_v2 spec_store_bypass
bogomips	: 4990.62
TLB size	: 1024 4K pages
clflush size	: 64
cache_alignment	: 64
address sizes	: 40 bits physical, 48 bits virtual
power management:

processor	: 1
vendor_id	: AuthenticAMD
cpu family	: 23
model		: 49
model name	: AMD EPYC Processor
stepping	: 0
microcode	: 0x1000065
cpu MHz		: 2495.310
cache size	: 512 KB
physical id	: 0
siblings	: 3
core id		: 1
cpu cores	: 3
apicid		: 1
initial apicid	: 1
fpu		: yes
fpu_exception	: yes
cpuid level	: 13
wp		: yes
flags		: fpu vme de pse tsc msr pae mce cx8 apic sep mtrr pge mca cmov pat pse36 clflush mmx fxsr sse sse2 ht syscall nx mmxext fxsr_opt pdpe1gb rdtscp lm rep_good nopl cpuid extd_apicid tsc_known_freq pni pclmulqdq ssse3 fma cx16 sse4_1 sse4_2 x2apic movbe popcnt aes xsave avx f16c rdrand hypervisor lahf_lm cmp_legacy cr8_legacy abm sse4a misalignsse 3dnowprefetch osvw topoext perfctr_core ssbd ibrs ibpb stibp vmmcall fsgsbase bmi1 avx2 smep bmi2 rdseed adx smap clflushopt clwb sha_ni xsaveopt xsavec xgetbv1 xsaves clzero xsaveerptr wbnoinvd arat umip rdpid arch_capabilities
bugs		: sysret_ss_attrs spectre_v1 spectre_v2 spec_store_bypass
bogomips	: 4990.62
TLB size	: 1024 4K pages
clflush size	: 64
cache_alignment	: 64
address sizes	: 40 bits physical, 48 bits virtual
power management:

processor	: 2
vendor_id	: AuthenticAMD
cpu family	: 23
model		: 49
model name	: AMD EPYC Processor
stepping	: 0
microcode	: 0x1000065
cpu MHz		: 2495.310
cache size	: 512 KB
physical id	: 0
siblings	: 3
core id		: 2
cpu cores	: 3
apicid		: 2
initial apicid	: 2
fpu		: yes
fpu_exception	: yes
cpuid level	: 13
wp		: yes
flags		: fpu vme de pse tsc msr pae mce cx8 apic sep mtrr pge mca cmov pat pse36 clflush mmx fxsr sse sse2 ht syscall nx mmxext fxsr_opt pdpe1gb rdtscp lm rep_good nopl cpuid extd_apicid tsc_known_freq pni pclmulqdq ssse3 fma cx16 sse4_1 sse4_2 x2apic movbe popcnt aes xsave avx f16c rdrand hypervisor lahf_lm cmp_legacy cr8_legacy abm sse4a misalignsse 3dnowprefetch osvw topoext perfctr_core ssbd ibrs ibpb stibp vmmcall fsgsbase bmi1 avx2 smep bmi2 rdseed adx smap clflushopt clwb sha_ni xsaveopt xsavec xgetbv1 xsaves clzero xsaveerptr wbnoinvd arat umip rdpid arch_capabilities
bugs		: sysret_ss_attrs spectre_v1 spectre_v2 spec_store_bypass
bogomips	: 4990.62
TLB size	: 1024 4K pages
clflush size	: 64
cache_alignment	: 64
address sizes	: 40 bits physical, 48 bits virtual
power management:



Memory: 4k page, physical 3932028k(802560k free), swap 0k(0k free)

vm_info: OpenJDK 64-Bit Server VM (25.292-b10) for linux-amd64 JRE (1.8.0_292-8u292-b10-0ubuntu1~20.04-b10), built on Apr 21 2021 11:46:09 by "buildd" with gcc 9.3.0

time: Sun Aug  8 06:54:03 2021
timezone: CEST
elapsed time: 0.009995 seconds (0d 0h 0m 0s)

