#
# There is insufficient memory for the Java Runtime Environment to continue.
# Native memory allocation (mmap) failed to map 4294967296 bytes for committing reserved memory.
# Possible reasons:
#   The system is out of physical RAM or swap space
#   The process is running with CompressedOops enabled, and the Java Heap may be blocking the growth of the native heap
# Possible solutions:
#   Reduce memory load on the system
#   Increase physical memory or swap space
#   Check if swap backing store is full
#   Decrease Java heap size (-Xmx/-Xms)
#   Decrease number of Java threads
#   Decrease Java thread stack sizes (-Xss)
#   Set larger code cache with -XX:ReservedCodeCacheSize=
# This output file may be truncated or incomplete.
#
#  Out of Memory Error (os_linux.cpp:2798), pid=70590, tid=0x00007faef6d6f700
#
# JRE version:  (8.0_292-b10) (build )
# Java VM: OpenJDK 64-Bit Server VM (25.292-b10 mixed mode linux-amd64 compressed oops)
# Failed to write core dump. Core dumps have been disabled. To enable core dumping, try "ulimit -c unlimited" before starting Java again
#

---------------  T H R E A D  ---------------

Current thread (0x00007faef000a800):  JavaThread "Unknown thread" [_thread_in_vm, id=70591, stack(0x00007faef6c70000,0x00007faef6d70000)]

Stack: [0x00007faef6c70000,0x00007faef6d70000],  sp=0x00007faef6d6e5b0,  free space=1017k
Native frames: (J=compiled Java code, j=interpreted, Vv=VM code, C=native code)
V  [libjvm.so+0xb35bb3]
V  [libjvm.so+0x4ec1e1]
V  [libjvm.so+0x9803cf]
V  [libjvm.so+0x977a52]
V  [libjvm.so+0x9f3dcb]
V  [libjvm.so+0x9e557c]
V  [libjvm.so+0x2cb8aa]
V  [libjvm.so+0x9a600a]
V  [libjvm.so+0xaf84ba]
V  [libjvm.so+0xaf8749]
V  [libjvm.so+0x641594]
V  [libjvm.so+0xad8190]
V  [libjvm.so+0x727d03]  JNI_CreateJavaVM+0x63
C  [libjli.so+0x442a]
C  [libjli.so+0x8dc1]
C  [libpthread.so.0+0x9609]  start_thread+0xd9


---------------  P R O C E S S  ---------------

Java Threads: ( => current thread )

Other Threads:

=>0x00007faef000a800 (exited) JavaThread "Unknown thread" [_thread_in_vm, id=70591, stack(0x00007faef6c70000,0x00007faef6d70000)]

VM state:not at safepoint (not fully initialized)

VM Mutex/Monitor currently owned by a thread: None

heap address: 0x00000005c0000000, size: 8192 MB, Compressed Oops mode: Non-zero based:0x00000005bffff000, Oop shift amount: 3
Narrow klass base: 0x0000000000000000, Narrow klass shift: 0

GC Heap History (0 events):
No events

Deoptimization events (0 events):
No events

Classes redefined (0 events):
No events

Internal exceptions (0 events):
No events

Events (0 events):
No events


Dynamic libraries:
6c0000000-715580000 ---p 00000000 00:00 0 
715580000-795580000 rw-p 00000000 00:00 0 
795580000-7c0000000 ---p 00000000 00:00 0 
55b812d20000-55b812d21000 r--p 00000000 08:01 396866                     /usr/lib/jvm/java-8-openjdk-amd64/jre/bin/java
55b812d21000-55b812d22000 r-xp 00001000 08:01 396866                     /usr/lib/jvm/java-8-openjdk-amd64/jre/bin/java
55b812d22000-55b812d23000 r--p 00002000 08:01 396866                     /usr/lib/jvm/java-8-openjdk-amd64/jre/bin/java
55b812d23000-55b812d24000 r--p 00002000 08:01 396866                     /usr/lib/jvm/java-8-openjdk-amd64/jre/bin/java
55b812d24000-55b812d25000 rw-p 00003000 08:01 396866                     /usr/lib/jvm/java-8-openjdk-amd64/jre/bin/java
55b8141cc000-55b8141ed000 rw-p 00000000 00:00 0                          [heap]
7faee1000000-7faee1270000 rwxp 00000000 00:00 0 
7faee1270000-7faef0000000 ---p 00000000 00:00 0 
7faef0000000-7faef0031000 rw-p 00000000 00:00 0 
7faef0031000-7faef4000000 ---p 00000000 00:00 0 
7faef5832000-7faef62dc000 ---p 00000000 00:00 0 
7faef62dc000-7faef66dd000 rw-p 00000000 00:00 0 
7faef66dd000-7faef6832000 ---p 00000000 00:00 0 
7faef6832000-7faef683d000 rw-p 00000000 00:00 0 
7faef683d000-7faef6bf3000 ---p 00000000 00:00 0 
7faef6bf3000-7faef6bf6000 r--p 00000000 08:01 396912                     /usr/lib/jvm/java-8-openjdk-amd64/jre/lib/amd64/libzip.so
7faef6bf6000-7faef6bfb000 r-xp 00003000 08:01 396912                     /usr/lib/jvm/java-8-openjdk-amd64/jre/lib/amd64/libzip.so
7faef6bfb000-7faef6bfd000 r--p 00008000 08:01 396912                     /usr/lib/jvm/java-8-openjdk-amd64/jre/lib/amd64/libzip.so
7faef6bfd000-7faef6bfe000 r--p 00009000 08:01 396912                     /usr/lib/jvm/java-8-openjdk-amd64/jre/lib/amd64/libzip.so
7faef6bfe000-7faef6bff000 rw-p 0000a000 08:01 396912                     /usr/lib/jvm/java-8-openjdk-amd64/jre/lib/amd64/libzip.so
7faef6bff000-7faef6c07000 rw-s 00000000 08:01 652806                     /tmp/hsperfdata_root/70590
7faef6c07000-7faef6c0a000 r--p 00000000 08:01 40931                      /usr/lib/x86_64-linux-gnu/libnss_files-2.31.so
7faef6c0a000-7faef6c11000 r-xp 00003000 08:01 40931                      /usr/lib/x86_64-linux-gnu/libnss_files-2.31.so
7faef6c11000-7faef6c13000 r--p 0000a000 08:01 40931                      /usr/lib/x86_64-linux-gnu/libnss_files-2.31.so
7faef6c13000-7faef6c14000 r--p 0000b000 08:01 40931                      /usr/lib/x86_64-linux-gnu/libnss_files-2.31.so
7faef6c14000-7faef6c15000 rw-p 0000c000 08:01 40931                      /usr/lib/x86_64-linux-gnu/libnss_files-2.31.so
7faef6c15000-7faef6c1b000 rw-p 00000000 00:00 0 
7faef6c22000-7faef6c2f000 r--p 00000000 08:01 396893                     /usr/lib/jvm/java-8-openjdk-amd64/jre/lib/amd64/libjava.so
7faef6c2f000-7faef6c47000 r-xp 0000d000 08:01 396893                     /usr/lib/jvm/java-8-openjdk-amd64/jre/lib/amd64/libjava.so
7faef6c47000-7faef6c4e000 r--p 00025000 08:01 396893                     /usr/lib/jvm/java-8-openjdk-amd64/jre/lib/amd64/libjava.so
7faef6c4e000-7faef6c4f000 r--p 0002b000 08:01 396893                     /usr/lib/jvm/java-8-openjdk-amd64/jre/lib/amd64/libjava.so
7faef6c4f000-7faef6c51000 rw-p 0002c000 08:01 396893                     /usr/lib/jvm/java-8-openjdk-amd64/jre/lib/amd64/libjava.so
7faef6c51000-7faef6c56000 r--p 00000000 08:01 396911                     /usr/lib/jvm/java-8-openjdk-amd64/jre/lib/amd64/libverify.so
7faef6c56000-7faef6c5f000 r-xp 00005000 08:01 396911                     /usr/lib/jvm/java-8-openjdk-amd64/jre/lib/amd64/libverify.so
7faef6c5f000-7faef6c61000 r--p 0000e000 08:01 396911                     /usr/lib/jvm/java-8-openjdk-amd64/jre/lib/amd64/libverify.so
7faef6c61000-7faef6c63000 r--p 0000f000 08:01 396911                     /usr/lib/jvm/java-8-openjdk-amd64/jre/lib/amd64/libverify.so
7faef6c63000-7faef6c64000 rw-p 00011000 08:01 396911                     /usr/lib/jvm/java-8-openjdk-amd64/jre/lib/amd64/libverify.so
7faef6c64000-7faef6c67000 r--p 00000000 08:01 40938                      /usr/lib/x86_64-linux-gnu/librt-2.31.so
7faef6c67000-7faef6c6b000 r-xp 00003000 08:01 40938                      /usr/lib/x86_64-linux-gnu/librt-2.31.so
7faef6c6b000-7faef6c6c000 r--p 00007000 08:01 40938                      /usr/lib/x86_64-linux-gnu/librt-2.31.so
7faef6c6c000-7faef6c6d000 ---p 00008000 08:01 40938                      /usr/lib/x86_64-linux-gnu/librt-2.31.so
7faef6c6d000-7faef6c6e000 r--p 00008000 08:01 40938                      /usr/lib/x86_64-linux-gnu/librt-2.31.so
7faef6c6e000-7faef6c6f000 rw-p 00009000 08:01 40938                      /usr/lib/x86_64-linux-gnu/librt-2.31.so
7faef6c6f000-7faef6c70000 ---p 00000000 00:00 0 
7faef6c70000-7faef6c73000 ---p 00000000 00:00 0 
7faef6c73000-7faef6d70000 rw-p 00000000 00:00 0 
7faef6d70000-7faef6d73000 r--p 00000000 08:01 40919                      /usr/lib/x86_64-linux-gnu/libgcc_s.so.1
7faef6d73000-7faef6d85000 r-xp 00003000 08:01 40919                      /usr/lib/x86_64-linux-gnu/libgcc_s.so.1
7faef6d85000-7faef6d89000 r--p 00015000 08:01 40919                      /usr/lib/x86_64-linux-gnu/libgcc_s.so.1
7faef6d89000-7faef6d8a000 r--p 00018000 08:01 40919                      /usr/lib/x86_64-linux-gnu/libgcc_s.so.1
7faef6d8a000-7faef6d8b000 rw-p 00019000 08:01 40919                      /usr/lib/x86_64-linux-gnu/libgcc_s.so.1
7faef6d8b000-7faef6d9a000 r--p 00000000 08:01 40925                      /usr/lib/x86_64-linux-gnu/libm-2.31.so
7faef6d9a000-7faef6e41000 r-xp 0000f000 08:01 40925                      /usr/lib/x86_64-linux-gnu/libm-2.31.so
7faef6e41000-7faef6ed8000 r--p 000b6000 08:01 40925                      /usr/lib/x86_64-linux-gnu/libm-2.31.so
7faef6ed8000-7faef6ed9000 r--p 0014c000 08:01 40925                      /usr/lib/x86_64-linux-gnu/libm-2.31.so
7faef6ed9000-7faef6eda000 rw-p 0014d000 08:01 40925                      /usr/lib/x86_64-linux-gnu/libm-2.31.so
7faef6eda000-7faef6f70000 r--p 00000000 08:01 40913                      /usr/lib/x86_64-linux-gnu/libstdc++.so.6.0.28
7faef6f70000-7faef7061000 r-xp 00096000 08:01 40913                      /usr/lib/x86_64-linux-gnu/libstdc++.so.6.0.28
7faef7061000-7faef70aa000 r--p 00187000 08:01 40913                      /usr/lib/x86_64-linux-gnu/libstdc++.so.6.0.28
7faef70aa000-7faef70ab000 ---p 001d0000 08:01 40913                      /usr/lib/x86_64-linux-gnu/libstdc++.so.6.0.28
7faef70ab000-7faef70b6000 r--p 001d0000 08:01 40913                      /usr/lib/x86_64-linux-gnu/libstdc++.so.6.0.28
7faef70b6000-7faef70b9000 rw-p 001db000 08:01 40913                      /usr/lib/x86_64-linux-gnu/libstdc++.so.6.0.28
7faef70b9000-7faef70bc000 rw-p 00000000 00:00 0 
7faef70bc000-7faef72b1000 r--p 00000000 08:01 396915                     /usr/lib/jvm/java-8-openjdk-amd64/jre/lib/amd64/server/libjvm.so
7faef72b1000-7faef7c19000 r-xp 001f5000 08:01 396915                     /usr/lib/jvm/java-8-openjdk-amd64/jre/lib/amd64/server/libjvm.so
7faef7c19000-7faef7dca000 r--p 00b5d000 08:01 396915                     /usr/lib/jvm/java-8-openjdk-amd64/jre/lib/amd64/server/libjvm.so
7faef7dca000-7faef7dcb000 ---p 00d0e000 08:01 396915                     /usr/lib/jvm/java-8-openjdk-amd64/jre/lib/amd64/server/libjvm.so
7faef7dcb000-7faef7e61000 r--p 00d0e000 08:01 396915                     /usr/lib/jvm/java-8-openjdk-amd64/jre/lib/amd64/server/libjvm.so
7faef7e61000-7faef7e8a000 rw-p 00da4000 08:01 396915                     /usr/lib/jvm/java-8-openjdk-amd64/jre/lib/amd64/server/libjvm.so
7faef7e8a000-7faef7ebf000 rw-p 00000000 00:00 0 
7faef7ebf000-7faef7ec6000 r--p 00000000 08:01 40936                      /usr/lib/x86_64-linux-gnu/libpthread-2.31.so
7faef7ec6000-7faef7ed7000 r-xp 00007000 08:01 40936                      /usr/lib/x86_64-linux-gnu/libpthread-2.31.so
7faef7ed7000-7faef7edc000 r--p 00018000 08:01 40936                      /usr/lib/x86_64-linux-gnu/libpthread-2.31.so
7faef7edc000-7faef7edd000 r--p 0001c000 08:01 40936                      /usr/lib/x86_64-linux-gnu/libpthread-2.31.so
7faef7edd000-7faef7ede000 rw-p 0001d000 08:01 40936                      /usr/lib/x86_64-linux-gnu/libpthread-2.31.so
7faef7ede000-7faef7ee2000 rw-p 00000000 00:00 0 
7faef7ee2000-7faef7ee3000 r--p 00000000 08:01 40924                      /usr/lib/x86_64-linux-gnu/libdl-2.31.so
7faef7ee3000-7faef7ee5000 r-xp 00001000 08:01 40924                      /usr/lib/x86_64-linux-gnu/libdl-2.31.so
7faef7ee5000-7faef7ee6000 r--p 00003000 08:01 40924                      /usr/lib/x86_64-linux-gnu/libdl-2.31.so
7faef7ee6000-7faef7ee7000 r--p 00003000 08:01 40924                      /usr/lib/x86_64-linux-gnu/libdl-2.31.so
7faef7ee7000-7faef7ee8000 rw-p 00004000 08:01 40924                      /usr/lib/x86_64-linux-gnu/libdl-2.31.so
7faef7ee8000-7faef7eea000 r--p 00000000 08:01 892                        /usr/lib/x86_64-linux-gnu/libz.so.1.2.11
7faef7eea000-7faef7efb000 r-xp 00002000 08:01 892                        /usr/lib/x86_64-linux-gnu/libz.so.1.2.11
7faef7efb000-7faef7f01000 r--p 00013000 08:01 892                        /usr/lib/x86_64-linux-gnu/libz.so.1.2.11
7faef7f01000-7faef7f02000 ---p 00019000 08:01 892                        /usr/lib/x86_64-linux-gnu/libz.so.1.2.11
7faef7f02000-7faef7f03000 r--p 00019000 08:01 892                        /usr/lib/x86_64-linux-gnu/libz.so.1.2.11
7faef7f03000-7faef7f04000 rw-p 0001a000 08:01 892                        /usr/lib/x86_64-linux-gnu/libz.so.1.2.11
7faef7f04000-7faef7f29000 r--p 00000000 08:01 40912                      /usr/lib/x86_64-linux-gnu/libc-2.31.so
7faef7f29000-7faef80a1000 r-xp 00025000 08:01 40912                      /usr/lib/x86_64-linux-gnu/libc-2.31.so
7faef80a1000-7faef80eb000 r--p 0019d000 08:01 40912                      /usr/lib/x86_64-linux-gnu/libc-2.31.so
7faef80eb000-7faef80ec000 ---p 001e7000 08:01 40912                      /usr/lib/x86_64-linux-gnu/libc-2.31.so
7faef80ec000-7faef80ef000 r--p 001e7000 08:01 40912                      /usr/lib/x86_64-linux-gnu/libc-2.31.so
7faef80ef000-7faef80f2000 rw-p 001ea000 08:01 40912                      /usr/lib/x86_64-linux-gnu/libc-2.31.so
7faef80f2000-7faef80f6000 rw-p 00000000 00:00 0 
7faef80fc000-7faef80fd000 rw-p 00000000 00:00 0 
7faef80fd000-7faef8100000 r--p 00000000 08:01 396879                     /usr/lib/jvm/java-8-openjdk-amd64/jre/lib/amd64/jli/libjli.so
7faef8100000-7faef810a000 r-xp 00003000 08:01 396879                     /usr/lib/jvm/java-8-openjdk-amd64/jre/lib/amd64/jli/libjli.so
7faef810a000-7faef810d000 r--p 0000d000 08:01 396879                     /usr/lib/jvm/java-8-openjdk-amd64/jre/lib/amd64/jli/libjli.so
7faef810d000-7faef810e000 r--p 0000f000 08:01 396879                     /usr/lib/jvm/java-8-openjdk-amd64/jre/lib/amd64/jli/libjli.so
7faef810e000-7faef810f000 rw-p 00010000 08:01 396879                     /usr/lib/jvm/java-8-openjdk-amd64/jre/lib/amd64/jli/libjli.so
7faef810f000-7faef8111000 rw-p 00000000 00:00 0 
7faef8111000-7faef8112000 r--p 00000000 08:01 11172                      /usr/lib/x86_64-linux-gnu/ld-2.31.so
7faef8112000-7faef8135000 r-xp 00001000 08:01 11172                      /usr/lib/x86_64-linux-gnu/ld-2.31.so
7faef8135000-7faef813d000 r--p 00024000 08:01 11172                      /usr/lib/x86_64-linux-gnu/ld-2.31.so
7faef813d000-7faef813e000 r--p 00000000 00:00 0 
7faef813e000-7faef813f000 r--p 0002c000 08:01 11172                      /usr/lib/x86_64-linux-gnu/ld-2.31.so
7faef813f000-7faef8140000 rw-p 0002d000 08:01 11172                      /usr/lib/x86_64-linux-gnu/ld-2.31.so
7faef8140000-7faef8141000 rw-p 00000000 00:00 0 
7ffd40ebc000-7ffd40edd000 rw-p 00000000 00:00 0                          [stack]
7ffd40fd4000-7ffd40fd7000 r--p 00000000 00:00 0                          [vvar]
7ffd40fd7000-7ffd40fd8000 r-xp 00000000 00:00 0                          [vdso]
ffffffffff600000-ffffffffff601000 --xp 00000000 00:00 0                  [vsyscall]

VM Arguments:
jvm_args: -Xmx8G -Xms6G 
java_command: /root/minecraft-2021-server/minecraft/forge-1.12.2-14.23.5.2855.jar
java_class_path (initial): /root/minecraft-2021-server/minecraft/forge-1.12.2-14.23.5.2855.jar
Launcher Type: SUN_STANDARD

Environment Variables:
PATH=/usr/local/sbin:/usr/local/bin:/usr/sbin:/usr/bin:/sbin:/bin
SHELL=/bin/sh

Signal Handlers:
SIGSEGV: [libjvm.so+0xb365d0], sa_mask[0]=11111111011111111101111111111110, sa_flags=SA_RESTART|SA_SIGINFO
SIGBUS: [libjvm.so+0xb365d0], sa_mask[0]=11111111011111111101111111111110, sa_flags=SA_RESTART|SA_SIGINFO
SIGFPE: [libjvm.so+0x97b8c0], sa_mask[0]=11111111011111111101111111111110, sa_flags=SA_RESTART|SA_SIGINFO
SIGPIPE: [libjvm.so+0x97b8c0], sa_mask[0]=11111111011111111101111111111110, sa_flags=SA_RESTART|SA_SIGINFO
SIGXFSZ: [libjvm.so+0x97b8c0], sa_mask[0]=11111111011111111101111111111110, sa_flags=SA_RESTART|SA_SIGINFO
SIGILL: [libjvm.so+0x97b8c0], sa_mask[0]=11111111011111111101111111111110, sa_flags=SA_RESTART|SA_SIGINFO
SIGUSR1: SIG_DFL, sa_mask[0]=00000000000000000000000000000000, sa_flags=none
SIGUSR2: [libjvm.so+0x97b770], sa_mask[0]=00000000000000000000000000000000, sa_flags=SA_RESTART|SA_SIGINFO
SIGHUP: SIG_DFL, sa_mask[0]=00000000000000000000000000000000, sa_flags=none
SIGINT: SIG_DFL, sa_mask[0]=00000000000000000000000000000000, sa_flags=none
SIGTERM: SIG_DFL, sa_mask[0]=00000000000000000000000000000000, sa_flags=none
SIGQUIT: SIG_DFL, sa_mask[0]=00000000000000000000000000000000, sa_flags=none


---------------  S Y S T E M  ---------------

OS:DISTRIB_ID=Ubuntu
DISTRIB_RELEASE=20.04
DISTRIB_CODENAME=focal
DISTRIB_DESCRIPTION="Ubuntu 20.04.2 LTS"

uname:Linux 5.4.0-77-generic #86-Ubuntu SMP Thu Jun 17 02:35:03 UTC 2021 x86_64
libc:glibc 2.31 NPTL 2.31 
rlimit: STACK 8192k, CORE 0k, NPROC 15221, NOFILE 524288, AS infinity
load average:0.00 0.02 0.02

/proc/meminfo:
MemTotal:        3932028 kB
MemFree:         2938816 kB
MemAvailable:    3353948 kB
Buffers:           52304 kB
Cached:           310420 kB
SwapCached:            0 kB
Active:           211508 kB
Inactive:         201524 kB
Active(anon):      50704 kB
Inactive(anon):      304 kB
Active(file):     160804 kB
Inactive(file):   201220 kB
Unevictable:           0 kB
Mlocked:               0 kB
SwapTotal:             0 kB
SwapFree:              0 kB
Dirty:               424 kB
Writeback:            68 kB
AnonPages:         50368 kB
Mapped:            89700 kB
Shmem:               696 kB
KReclaimable:     341968 kB
Slab:             520816 kB
SReclaimable:     341968 kB
SUnreclaim:       178848 kB
KernelStack:        2000 kB
PageTables:         1788 kB
NFS_Unstable:          0 kB
Bounce:                0 kB
WritebackTmp:          0 kB
CommitLimit:     1966012 kB
Committed_AS:    2308924 kB
VmallocTotal:   34359738367 kB
VmallocUsed:        8128 kB
VmallocChunk:          0 kB
Percpu:            49536 kB
HardwareCorrupted:     0 kB
AnonHugePages:         0 kB
ShmemHugePages:        0 kB
ShmemPmdMapped:        0 kB
FileHugePages:         0 kB
FilePmdMapped:         0 kB
CmaTotal:              0 kB
CmaFree:               0 kB
HugePages_Total:       0
HugePages_Free:        0
HugePages_Rsvd:        0
HugePages_Surp:        0
Hugepagesize:       2048 kB
Hugetlb:               0 kB
DirectMap4k:      255856 kB
DirectMap2M:     3840000 kB
DirectMap1G:           0 kB

container (cgroup) information:
container_type: cgroupv1
cpu_cpuset_cpus: 0-2
cpu_memory_nodes: 0
active_processor_count: 3
cpu_quota: -1
cpu_period: 100000
cpu_shares: -1
memory_limit_in_bytes: -1
memory_and_swap_limit_in_bytes: -2
memory_soft_limit_in_bytes: -1
memory_usage_in_bytes: 6246400
memory_max_usage_in_bytes: 6246400


CPU:total 3 (initial active 3) (3 cores per cpu, 1 threads per core) family 23 model 49 stepping 0, cmov, cx8, fxsr, mmx, sse, sse2, sse3, ssse3, sse4.1, sse4.2, popcnt, avx, avx2, aes, clmul, mmxext, 3dnowpref, lzcnt, sse4a, tsc, bmi1

/proc/cpuinfo:
processor	: 0
vendor_id	: AuthenticAMD
cpu family	: 23
model		: 49
model name	: AMD EPYC Processor
stepping	: 0
microcode	: 0x1000065
cpu MHz		: 2495.310
cache size	: 512 KB
physical id	: 0
siblings	: 3
core id		: 0
cpu cores	: 3
apicid		: 0
initial apicid	: 0
fpu		: yes
fpu_exception	: yes
cpuid level	: 13
wp		: yes
flags		: fpu vme de pse tsc msr pae mce cx8 apic sep mtrr pge mca cmov pat pse36 clflush mmx fxsr sse sse2 ht syscall nx mmxext fxsr_opt pdpe1gb rdtscp lm rep_good nopl cpuid extd_apicid tsc_known_freq pni pclmulqdq ssse3 fma cx16 sse4_1 sse4_2 x2apic movbe popcnt aes xsave avx f16c rdrand hypervisor lahf_lm cmp_legacy cr8_legacy abm sse4a misalignsse 3dnowprefetch osvw topoext perfctr_core ssbd ibrs ibpb stibp vmmcall fsgsbase bmi1 avx2 smep bmi2 rdseed adx smap clflushopt clwb sha_ni xsaveopt xsavec xgetbv1 xsaves clzero xsaveerptr wbnoinvd arat umip rdpid arch_capabilities
bugs		: sysret_ss_attrs spectre_v1 spectre_v2 spec_store_bypass
bogomips	: 4990.62
TLB size	: 1024 4K pages
clflush size	: 64
cache_alignment	: 64
address sizes	: 40 bits physical, 48 bits virtual
power management:

processor	: 1
vendor_id	: AuthenticAMD
cpu family	: 23
model		: 49
model name	: AMD EPYC Processor
stepping	: 0
microcode	: 0x1000065
cpu MHz		: 2495.310
cache size	: 512 KB
physical id	: 0
siblings	: 3
core id		: 1
cpu cores	: 3
apicid		: 1
initial apicid	: 1
fpu		: yes
fpu_exception	: yes
cpuid level	: 13
wp		: yes
flags		: fpu vme de pse tsc msr pae mce cx8 apic sep mtrr pge mca cmov pat pse36 clflush mmx fxsr sse sse2 ht syscall nx mmxext fxsr_opt pdpe1gb rdtscp lm rep_good nopl cpuid extd_apicid tsc_known_freq pni pclmulqdq ssse3 fma cx16 sse4_1 sse4_2 x2apic movbe popcnt aes xsave avx f16c rdrand hypervisor lahf_lm cmp_legacy cr8_legacy abm sse4a misalignsse 3dnowprefetch osvw topoext perfctr_core ssbd ibrs ibpb stibp vmmcall fsgsbase bmi1 avx2 smep bmi2 rdseed adx smap clflushopt clwb sha_ni xsaveopt xsavec xgetbv1 xsaves clzero xsaveerptr wbnoinvd arat umip rdpid arch_capabilities
bugs		: sysret_ss_attrs spectre_v1 spectre_v2 spec_store_bypass
bogomips	: 4990.62
TLB size	: 1024 4K pages
clflush size	: 64
cache_alignment	: 64
address sizes	: 40 bits physical, 48 bits virtual
power management:

processor	: 2
vendor_id	: AuthenticAMD
cpu family	: 23
model		: 49
model name	: AMD EPYC Processor
stepping	: 0
microcode	: 0x1000065
cpu MHz		: 2495.310
cache size	: 512 KB
physical id	: 0
siblings	: 3
core id		: 2
cpu cores	: 3
apicid		: 2
initial apicid	: 2
fpu		: yes
fpu_exception	: yes
cpuid level	: 13
wp		: yes
flags		: fpu vme de pse tsc msr pae mce cx8 apic sep mtrr pge mca cmov pat pse36 clflush mmx fxsr sse sse2 ht syscall nx mmxext fxsr_opt pdpe1gb rdtscp lm rep_good nopl cpuid extd_apicid tsc_known_freq pni pclmulqdq ssse3 fma cx16 sse4_1 sse4_2 x2apic movbe popcnt aes xsave avx f16c rdrand hypervisor lahf_lm cmp_legacy cr8_legacy abm sse4a misalignsse 3dnowprefetch osvw topoext perfctr_core ssbd ibrs ibpb stibp vmmcall fsgsbase bmi1 avx2 smep bmi2 rdseed adx smap clflushopt clwb sha_ni xsaveopt xsavec xgetbv1 xsaves clzero xsaveerptr wbnoinvd arat umip rdpid arch_capabilities
bugs		: sysret_ss_attrs spectre_v1 spectre_v2 spec_store_bypass
bogomips	: 4990.62
TLB size	: 1024 4K pages
clflush size	: 64
cache_alignment	: 64
address sizes	: 40 bits physical, 48 bits virtual
power management:



Memory: 4k page, physical 3932028k(2938564k free), swap 0k(0k free)

vm_info: OpenJDK 64-Bit Server VM (25.292-b10) for linux-amd64 JRE (1.8.0_292-8u292-b10-0ubuntu1~20.04-b10), built on Apr 21 2021 11:46:09 by "buildd" with gcc 9.3.0

time: Mon Aug  2 11:02:43 2021
timezone: CEST
elapsed time: 0.012213 seconds (0d 0h 0m 0s)

